<?xml version="1.0" encoding="utf-8"?><testsuites name="pytest tests"><testsuite name="pytest" errors="0" failures="44" skipped="8" tests="443" time="7448.349" timestamp="2025-11-09T08:54:46.429982-05:00" hostname="NUC-SERVER"><testcase classname="tests.chat.test_answer_sources" name="test_answer_sources" time="80.148" /><testcase classname="tests.chat.test_chat_models" name="test_create_chat" time="17.784" /><testcase classname="tests.chat.test_chat_models" name="test_chat_str" time="19.192" /><testcase classname="tests.chat.test_chat_models" name="test_chat_delete" time="22.246" /><testcase classname="tests.chat.test_chat_models" name="test_chat_manager_create_with_mode" time="19.206" /><testcase classname="tests.chat.test_chat_models" name="test_preset_creation_from_yaml" time="17.032" /><testcase classname="tests.chat.test_chat_options" name="test_chat_options" time="34.317" /><testcase classname="tests.chat.test_chat_options" name="test_library_list" time="48.509" /><testcase classname="tests.chat.test_chat_procs" name="test_url_to_text" time="24.212" /><testcase classname="tests.chat.test_chat_procs" name="test_fix_source_links" time="10.914" /><testcase classname="tests.chat.test_chat_procs" name="test_htmx_stream_response_stream" time="13.254"><failure message="django.db.utils.IntegrityError: duplicate key value violates unique constraint &quot;otto_user_upn_key&quot;&#10;DETAIL:  Key (upn)=(test_user_1.lastname@example.com) already exists.">self = &lt;django.db.backends.utils.CursorWrapper object at 0x0000021C18290D70&gt;
sql = 'INSERT INTO "otto_user" ("password", "last_login", "is_superuser", "upn", "email", "oid", "first_name", "last_name", ...leted") VALUES (%s, %s, %s, %s, %s, %s, %s, %s, %s, %s, %s, %s, %s, %s, %s, %s, %s, %s, %s) RETURNING "otto_user"."id"'
params = ('', None, False, 'test_user_1.lastname@example.com', 'test_user_1@example.com', 'test_user_1_oid', ...)
ignored_wrapper_args = (False, {'connection': &lt;DatabaseWrapper vendor='postgresql' alias='default'&gt;, 'cursor': &lt;django.db.backends.utils.CursorWrapper object at 0x0000021C18290D70&gt;})

    def _execute(self, sql, params, *ignored_wrapper_args):
        # Raise a warning during app initialization (stored_app_configs is only
        # ever set during testing).
        if not apps.ready and not apps.stored_app_configs:
            warnings.warn(self.APPS_NOT_READY_WARNING_MSG, category=RuntimeWarning)
        self.db.validate_no_broken_transaction()
        with self.db.wrap_database_errors:
            if params is None:
                # params default might be backend specific.
                return self.cursor.execute(sql)
            else:
&gt;               return self.cursor.execute(sql, params)
                       ^^^^^^^^^^^^^^^^^^^^^^^^^^^^^^^^
E               psycopg2.errors.UniqueViolation: duplicate key value violates unique constraint "otto_user_upn_key"
E               DETAIL:  Key (upn)=(test_user_1.lastname@example.com) already exists.

C:\Users\barre\AppData\Local\Programs\Python\Python313\Lib\site-packages\django\db\backends\utils.py:105: UniqueViolation

The above exception was the direct cause of the following exception:

all_apps_user = &lt;function all_apps_user.&lt;locals&gt;.new_user at 0x0000021C1276A520&gt;

    @pytest.mark.django_db
    @pytest.mark.asyncio
    async def test_htmx_stream_response_stream(all_apps_user):
        llm = OttoLLM(mock_embedding=True)
    
        async def stream_generator():
            for char in "Hi!":
                yield char
                await asyncio.sleep(0.1)
    
        # We first need an empty chat and a message
&gt;       user = await sync_to_async(all_apps_user)("test_user_1")
               ^^^^^^^^^^^^^^^^^^^^^^^^^^^^^^^^^^^^^^^^^^^^^^^^^

django\tests\chat\test_chat_procs.py:134: 
_ _ _ _ _ _ _ _ _ _ _ _ _ _ _ _ _ _ _ _ _ _ _ _ _ _ _ _ _ _ _ _ _ _ _ _ _ _ _ _ _ _ _ _ _ _ _ _ _ _ _ _ _ _ _ _ _ _ _
C:\Users\barre\AppData\Local\Programs\Python\Python313\Lib\site-packages\asgiref\sync.py:502: in __call__
    ret = await asyncio.shield(exec_coro)
          ^^^^^^^^^^^^^^^^^^^^^^^^^^^^^^^
C:\Users\barre\AppData\Local\Programs\Python\Python313\Lib\concurrent\futures\thread.py:59: in run
    result = self.fn(*self.args, **self.kwargs)
             ^^^^^^^^^^^^^^^^^^^^^^^^^^^^^^^^^^
C:\Users\barre\AppData\Local\Programs\Python\Python313\Lib\site-packages\asgiref\sync.py:556: in thread_handler
    return func(*args, **kwargs)
           ^^^^^^^^^^^^^^^^^^^^^
django\tests\conftest.py:170: in new_user
    user = django_user_model.objects.create_user(
django\otto\models.py:22: in create_user
    user.save()
C:\Users\barre\AppData\Local\Programs\Python\Python313\Lib\site-packages\django\contrib\auth\base_user.py:65: in save
    super().save(*args, **kwargs)
C:\Users\barre\AppData\Local\Programs\Python\Python313\Lib\site-packages\django\db\models\base.py:902: in save
    self.save_base(
C:\Users\barre\AppData\Local\Programs\Python\Python313\Lib\site-packages\django\db\models\base.py:1008: in save_base
    updated = self._save_table(
C:\Users\barre\AppData\Local\Programs\Python\Python313\Lib\site-packages\django\db\models\base.py:1169: in _save_table
    results = self._do_insert(
C:\Users\barre\AppData\Local\Programs\Python\Python313\Lib\site-packages\django\db\models\base.py:1210: in _do_insert
    return manager._insert(
C:\Users\barre\AppData\Local\Programs\Python\Python313\Lib\site-packages\django\db\models\manager.py:87: in manager_method
    return getattr(self.get_queryset(), name)(*args, **kwargs)
           ^^^^^^^^^^^^^^^^^^^^^^^^^^^^^^^^^^^^^^^^^^^^^^^^^^^
C:\Users\barre\AppData\Local\Programs\Python\Python313\Lib\site-packages\django\db\models\query.py:1868: in _insert
    return query.get_compiler(using=using).execute_sql(returning_fields)
           ^^^^^^^^^^^^^^^^^^^^^^^^^^^^^^^^^^^^^^^^^^^^^^^^^^^^^^^^^^^^^
C:\Users\barre\AppData\Local\Programs\Python\Python313\Lib\site-packages\django\db\models\sql\compiler.py:1882: in execute_sql
    cursor.execute(sql, params)
C:\Users\barre\AppData\Local\Programs\Python\Python313\Lib\site-packages\django\db\backends\utils.py:79: in execute
    return self._execute_with_wrappers(
C:\Users\barre\AppData\Local\Programs\Python\Python313\Lib\site-packages\django\db\backends\utils.py:92: in _execute_with_wrappers
    return executor(sql, params, many, context)
           ^^^^^^^^^^^^^^^^^^^^^^^^^^^^^^^^^^^^
C:\Users\barre\AppData\Local\Programs\Python\Python313\Lib\site-packages\django\db\backends\utils.py:100: in _execute
    with self.db.wrap_database_errors:
         ^^^^^^^^^^^^^^^^^^^^^^^^^^^^
C:\Users\barre\AppData\Local\Programs\Python\Python313\Lib\site-packages\django\db\utils.py:91: in __exit__
    raise dj_exc_value.with_traceback(traceback) from exc_value
_ _ _ _ _ _ _ _ _ _ _ _ _ _ _ _ _ _ _ _ _ _ _ _ _ _ _ _ _ _ _ _ _ _ _ _ _ _ _ _ _ _ _ _ _ _ _ _ _ _ _ _ _ _ _ _ _ _ _

self = &lt;django.db.backends.utils.CursorWrapper object at 0x0000021C18290D70&gt;
sql = 'INSERT INTO "otto_user" ("password", "last_login", "is_superuser", "upn", "email", "oid", "first_name", "last_name", ...leted") VALUES (%s, %s, %s, %s, %s, %s, %s, %s, %s, %s, %s, %s, %s, %s, %s, %s, %s, %s, %s) RETURNING "otto_user"."id"'
params = ('', None, False, 'test_user_1.lastname@example.com', 'test_user_1@example.com', 'test_user_1_oid', ...)
ignored_wrapper_args = (False, {'connection': &lt;DatabaseWrapper vendor='postgresql' alias='default'&gt;, 'cursor': &lt;django.db.backends.utils.CursorWrapper object at 0x0000021C18290D70&gt;})

    def _execute(self, sql, params, *ignored_wrapper_args):
        # Raise a warning during app initialization (stored_app_configs is only
        # ever set during testing).
        if not apps.ready and not apps.stored_app_configs:
            warnings.warn(self.APPS_NOT_READY_WARNING_MSG, category=RuntimeWarning)
        self.db.validate_no_broken_transaction()
        with self.db.wrap_database_errors:
            if params is None:
                # params default might be backend specific.
                return self.cursor.execute(sql)
            else:
&gt;               return self.cursor.execute(sql, params)
                       ^^^^^^^^^^^^^^^^^^^^^^^^^^^^^^^^
E               django.db.utils.IntegrityError: duplicate key value violates unique constraint "otto_user_upn_key"
E               DETAIL:  Key (upn)=(test_user_1.lastname@example.com) already exists.

C:\Users\barre\AppData\Local\Programs\Python\Python313\Lib\site-packages\django\db\backends\utils.py:105: IntegrityError</failure></testcase><testcase classname="tests.chat.test_chat_procs" name="test_htmx_stream_response_str" time="16.275"><failure message="django.db.utils.IntegrityError: duplicate key value violates unique constraint &quot;otto_user_upn_key&quot;&#10;DETAIL:  Key (upn)=(test_user_2.lastname@example.com) already exists.">self = &lt;django.db.backends.utils.CursorWrapper object at 0x0000021C2864A6F0&gt;
sql = 'INSERT INTO "otto_user" ("password", "last_login", "is_superuser", "upn", "email", "oid", "first_name", "last_name", ...leted") VALUES (%s, %s, %s, %s, %s, %s, %s, %s, %s, %s, %s, %s, %s, %s, %s, %s, %s, %s, %s) RETURNING "otto_user"."id"'
params = ('', None, False, 'test_user_2.lastname@example.com', 'test_user_2@example.com', 'test_user_2_oid', ...)
ignored_wrapper_args = (False, {'connection': &lt;DatabaseWrapper vendor='postgresql' alias='default'&gt;, 'cursor': &lt;django.db.backends.utils.CursorWrapper object at 0x0000021C2864A6F0&gt;})

    def _execute(self, sql, params, *ignored_wrapper_args):
        # Raise a warning during app initialization (stored_app_configs is only
        # ever set during testing).
        if not apps.ready and not apps.stored_app_configs:
            warnings.warn(self.APPS_NOT_READY_WARNING_MSG, category=RuntimeWarning)
        self.db.validate_no_broken_transaction()
        with self.db.wrap_database_errors:
            if params is None:
                # params default might be backend specific.
                return self.cursor.execute(sql)
            else:
&gt;               return self.cursor.execute(sql, params)
                       ^^^^^^^^^^^^^^^^^^^^^^^^^^^^^^^^
E               psycopg2.errors.UniqueViolation: duplicate key value violates unique constraint "otto_user_upn_key"
E               DETAIL:  Key (upn)=(test_user_2.lastname@example.com) already exists.

C:\Users\barre\AppData\Local\Programs\Python\Python313\Lib\site-packages\django\db\backends\utils.py:105: UniqueViolation

The above exception was the direct cause of the following exception:

all_apps_user = &lt;function all_apps_user.&lt;locals&gt;.new_user at 0x0000021C28323740&gt;

    @pytest.mark.asyncio
    @pytest.mark.django_db()
    async def test_htmx_stream_response_str(all_apps_user):
        llm = OttoLLM(mock_embedding=True)
        # We first need an empty chat and a message
&gt;       user = await sync_to_async(all_apps_user)("test_user_2")
               ^^^^^^^^^^^^^^^^^^^^^^^^^^^^^^^^^^^^^^^^^^^^^^^^^

django\tests\chat\test_chat_procs.py:164: 
_ _ _ _ _ _ _ _ _ _ _ _ _ _ _ _ _ _ _ _ _ _ _ _ _ _ _ _ _ _ _ _ _ _ _ _ _ _ _ _ _ _ _ _ _ _ _ _ _ _ _ _ _ _ _ _ _ _ _ _ _ 
C:\Users\barre\AppData\Local\Programs\Python\Python313\Lib\site-packages\asgiref\sync.py:502: in __call__
    ret = await asyncio.shield(exec_coro)
          ^^^^^^^^^^^^^^^^^^^^^^^^^^^^^^^
C:\Users\barre\AppData\Local\Programs\Python\Python313\Lib\concurrent\futures\thread.py:59: in run
    result = self.fn(*self.args, **self.kwargs)
             ^^^^^^^^^^^^^^^^^^^^^^^^^^^^^^^^^^
C:\Users\barre\AppData\Local\Programs\Python\Python313\Lib\site-packages\asgiref\sync.py:556: in thread_handler
    return func(*args, **kwargs)
           ^^^^^^^^^^^^^^^^^^^^^
django\tests\conftest.py:170: in new_user
    user = django_user_model.objects.create_user(
django\otto\models.py:22: in create_user
    user.save()
C:\Users\barre\AppData\Local\Programs\Python\Python313\Lib\site-packages\django\contrib\auth\base_user.py:65: in save
    super().save(*args, **kwargs)
C:\Users\barre\AppData\Local\Programs\Python\Python313\Lib\site-packages\django\db\models\base.py:902: in save
    self.save_base(
C:\Users\barre\AppData\Local\Programs\Python\Python313\Lib\site-packages\django\db\models\base.py:1008: in save_base
    updated = self._save_table(
C:\Users\barre\AppData\Local\Programs\Python\Python313\Lib\site-packages\django\db\models\base.py:1169: in _save_table
    results = self._do_insert(
C:\Users\barre\AppData\Local\Programs\Python\Python313\Lib\site-packages\django\db\models\base.py:1210: in _do_insert
    return manager._insert(
C:\Users\barre\AppData\Local\Programs\Python\Python313\Lib\site-packages\django\db\models\manager.py:87: in manager_method
    return getattr(self.get_queryset(), name)(*args, **kwargs)
           ^^^^^^^^^^^^^^^^^^^^^^^^^^^^^^^^^^^^^^^^^^^^^^^^^^^
C:\Users\barre\AppData\Local\Programs\Python\Python313\Lib\site-packages\django\db\models\query.py:1868: in _insert
    return query.get_compiler(using=using).execute_sql(returning_fields)
           ^^^^^^^^^^^^^^^^^^^^^^^^^^^^^^^^^^^^^^^^^^^^^^^^^^^^^^^^^^^^^
C:\Users\barre\AppData\Local\Programs\Python\Python313\Lib\site-packages\django\db\models\sql\compiler.py:1882: in execute_sql
    cursor.execute(sql, params)
C:\Users\barre\AppData\Local\Programs\Python\Python313\Lib\site-packages\django\db\backends\utils.py:79: in execute
    return self._execute_with_wrappers(
C:\Users\barre\AppData\Local\Programs\Python\Python313\Lib\site-packages\django\db\backends\utils.py:92: in _execute_with_wrappers
    return executor(sql, params, many, context)
           ^^^^^^^^^^^^^^^^^^^^^^^^^^^^^^^^^^^^
C:\Users\barre\AppData\Local\Programs\Python\Python313\Lib\site-packages\django\db\backends\utils.py:100: in _execute
    with self.db.wrap_database_errors:
         ^^^^^^^^^^^^^^^^^^^^^^^^^^^^
C:\Users\barre\AppData\Local\Programs\Python\Python313\Lib\site-packages\django\db\utils.py:91: in __exit__
    raise dj_exc_value.with_traceback(traceback) from exc_value
_ _ _ _ _ _ _ _ _ _ _ _ _ _ _ _ _ _ _ _ _ _ _ _ _ _ _ _ _ _ _ _ _ _ _ _ _ _ _ _ _ _ _ _ _ _ _ _ _ _ _ _ _ _ _ _ _ _ _ _ _ 

self = &lt;django.db.backends.utils.CursorWrapper object at 0x0000021C2864A6F0&gt;
sql = 'INSERT INTO "otto_user" ("password", "last_login", "is_superuser", "upn", "email", "oid", "first_name", "last_name", ...leted") VALUES (%s, %s, %s, %s, %s, %s, %s, %s, %s, %s, %s, %s, %s, %s, %s, %s, %s, %s, %s) RETURNING "otto_user"."id"'
params = ('', None, False, 'test_user_2.lastname@example.com', 'test_user_2@example.com', 'test_user_2_oid', ...)
ignored_wrapper_args = (False, {'connection': &lt;DatabaseWrapper vendor='postgresql' alias='default'&gt;, 'cursor': &lt;django.db.backends.utils.CursorWrapper object at 0x0000021C2864A6F0&gt;})

    def _execute(self, sql, params, *ignored_wrapper_args):
        # Raise a warning during app initialization (stored_app_configs is only
        # ever set during testing).
        if not apps.ready and not apps.stored_app_configs:
            warnings.warn(self.APPS_NOT_READY_WARNING_MSG, category=RuntimeWarning)
        self.db.validate_no_broken_transaction()
        with self.db.wrap_database_errors:
            if params is None:
                # params default might be backend specific.
                return self.cursor.execute(sql)
            else:
&gt;               return self.cursor.execute(sql, params)
                       ^^^^^^^^^^^^^^^^^^^^^^^^^^^^^^^^
E               django.db.utils.IntegrityError: duplicate key value violates unique constraint "otto_user_upn_key"
E               DETAIL:  Key (upn)=(test_user_2.lastname@example.com) already exists.

C:\Users\barre\AppData\Local\Programs\Python\Python313\Lib\site-packages\django\db\backends\utils.py:105: IntegrityError</failure></testcase><testcase classname="tests.chat.test_chat_procs" name="test_htmx_stream_response_generator" time="13.899"><failure message="django.db.utils.IntegrityError: duplicate key value violates unique constraint &quot;otto_user_upn_key&quot;&#10;DETAIL:  Key (upn)=(test_user_3.lastname@example.com) already exists.">self = &lt;django.db.backends.utils.CursorWrapper object at 0x0000021C181CCA10&gt;
sql = 'INSERT INTO "otto_user" ("password", "last_login", "is_superuser", "upn", "email", "oid", "first_name", "last_name", ...leted") VALUES (%s, %s, %s, %s, %s, %s, %s, %s, %s, %s, %s, %s, %s, %s, %s, %s, %s, %s, %s) RETURNING "otto_user"."id"'
params = ('', None, False, 'test_user_3.lastname@example.com', 'test_user_3@example.com', 'test_user_3_oid', ...)
ignored_wrapper_args = (False, {'connection': &lt;DatabaseWrapper vendor='postgresql' alias='default'&gt;, 'cursor': &lt;django.db.backends.utils.CursorWrapper object at 0x0000021C181CCA10&gt;})

    def _execute(self, sql, params, *ignored_wrapper_args):
        # Raise a warning during app initialization (stored_app_configs is only
        # ever set during testing).
        if not apps.ready and not apps.stored_app_configs:
            warnings.warn(self.APPS_NOT_READY_WARNING_MSG, category=RuntimeWarning)
        self.db.validate_no_broken_transaction()
        with self.db.wrap_database_errors:
            if params is None:
                # params default might be backend specific.
                return self.cursor.execute(sql)
            else:
&gt;               return self.cursor.execute(sql, params)
                       ^^^^^^^^^^^^^^^^^^^^^^^^^^^^^^^^
E               psycopg2.errors.UniqueViolation: duplicate key value violates unique constraint "otto_user_upn_key"
E               DETAIL:  Key (upn)=(test_user_3.lastname@example.com) already exists.

C:\Users\barre\AppData\Local\Programs\Python\Python313\Lib\site-packages\django\db\backends\utils.py:105: UniqueViolation

The above exception was the direct cause of the following exception:

all_apps_user = &lt;function all_apps_user.&lt;locals&gt;.new_user at 0x0000021C181A1B20&gt;

    @pytest.mark.asyncio
    @pytest.mark.django_db()
    async def test_htmx_stream_response_generator(all_apps_user):
        llm = OttoLLM(mock_embedding=True)
    
        class FakeFile:
            def __init__(self, name, text):
                self.name = name
                self.text = text
    
        async def stream_generator():
            files = [
                FakeFile("file1.txt", "This is the first file"),
                FakeFile("file2.txt", "This is the second file"),
            ]
            for i, file in enumerate(files):
                yield f"**{file.name}**\n"
                summary = await summarize_long_text_async(file.text, llm)
                if i &lt; len(files) - 1:
                    yield f"{summary}\n\n-----\n"
                else:
                    yield f"{summary}\n"
    
        # We first need an empty chat and a message
&gt;       user = await sync_to_async(all_apps_user)("test_user_3")
               ^^^^^^^^^^^^^^^^^^^^^^^^^^^^^^^^^^^^^^^^^^^^^^^^^

django\tests\chat\test_chat_procs.py:213: 
_ _ _ _ _ _ _ _ _ _ _ _ _ _ _ _ _ _ _ _ _ _ _ _ _ _ _ _ _ _ _ _ _ _ _ _ _ _ _ _ _ _ _ _ _ _ _ _ _ _ _ _ _ _ _ _ _ _ _ _ _ 
C:\Users\barre\AppData\Local\Programs\Python\Python313\Lib\site-packages\asgiref\sync.py:502: in __call__
    ret = await asyncio.shield(exec_coro)
          ^^^^^^^^^^^^^^^^^^^^^^^^^^^^^^^
C:\Users\barre\AppData\Local\Programs\Python\Python313\Lib\concurrent\futures\thread.py:59: in run
    result = self.fn(*self.args, **self.kwargs)
             ^^^^^^^^^^^^^^^^^^^^^^^^^^^^^^^^^^
C:\Users\barre\AppData\Local\Programs\Python\Python313\Lib\site-packages\asgiref\sync.py:556: in thread_handler
    return func(*args, **kwargs)
           ^^^^^^^^^^^^^^^^^^^^^
django\tests\conftest.py:170: in new_user
    user = django_user_model.objects.create_user(
django\otto\models.py:22: in create_user
    user.save()
C:\Users\barre\AppData\Local\Programs\Python\Python313\Lib\site-packages\django\contrib\auth\base_user.py:65: in save
    super().save(*args, **kwargs)
C:\Users\barre\AppData\Local\Programs\Python\Python313\Lib\site-packages\django\db\models\base.py:902: in save
    self.save_base(
C:\Users\barre\AppData\Local\Programs\Python\Python313\Lib\site-packages\django\db\models\base.py:1008: in save_base
    updated = self._save_table(
C:\Users\barre\AppData\Local\Programs\Python\Python313\Lib\site-packages\django\db\models\base.py:1169: in _save_table
    results = self._do_insert(
C:\Users\barre\AppData\Local\Programs\Python\Python313\Lib\site-packages\django\db\models\base.py:1210: in _do_insert
    return manager._insert(
C:\Users\barre\AppData\Local\Programs\Python\Python313\Lib\site-packages\django\db\models\manager.py:87: in manager_method
    return getattr(self.get_queryset(), name)(*args, **kwargs)
           ^^^^^^^^^^^^^^^^^^^^^^^^^^^^^^^^^^^^^^^^^^^^^^^^^^^
C:\Users\barre\AppData\Local\Programs\Python\Python313\Lib\site-packages\django\db\models\query.py:1868: in _insert
    return query.get_compiler(using=using).execute_sql(returning_fields)
           ^^^^^^^^^^^^^^^^^^^^^^^^^^^^^^^^^^^^^^^^^^^^^^^^^^^^^^^^^^^^^
C:\Users\barre\AppData\Local\Programs\Python\Python313\Lib\site-packages\django\db\models\sql\compiler.py:1882: in execute_sql
    cursor.execute(sql, params)
C:\Users\barre\AppData\Local\Programs\Python\Python313\Lib\site-packages\django\db\backends\utils.py:79: in execute
    return self._execute_with_wrappers(
C:\Users\barre\AppData\Local\Programs\Python\Python313\Lib\site-packages\django\db\backends\utils.py:92: in _execute_with_wrappers
    return executor(sql, params, many, context)
           ^^^^^^^^^^^^^^^^^^^^^^^^^^^^^^^^^^^^
C:\Users\barre\AppData\Local\Programs\Python\Python313\Lib\site-packages\django\db\backends\utils.py:100: in _execute
    with self.db.wrap_database_errors:
         ^^^^^^^^^^^^^^^^^^^^^^^^^^^^
C:\Users\barre\AppData\Local\Programs\Python\Python313\Lib\site-packages\django\db\utils.py:91: in __exit__
    raise dj_exc_value.with_traceback(traceback) from exc_value
_ _ _ _ _ _ _ _ _ _ _ _ _ _ _ _ _ _ _ _ _ _ _ _ _ _ _ _ _ _ _ _ _ _ _ _ _ _ _ _ _ _ _ _ _ _ _ _ _ _ _ _ _ _ _ _ _ _ _ _ _ 

self = &lt;django.db.backends.utils.CursorWrapper object at 0x0000021C181CCA10&gt;
sql = 'INSERT INTO "otto_user" ("password", "last_login", "is_superuser", "upn", "email", "oid", "first_name", "last_name", ...leted") VALUES (%s, %s, %s, %s, %s, %s, %s, %s, %s, %s, %s, %s, %s, %s, %s, %s, %s, %s, %s) RETURNING "otto_user"."id"'
params = ('', None, False, 'test_user_3.lastname@example.com', 'test_user_3@example.com', 'test_user_3_oid', ...)
ignored_wrapper_args = (False, {'connection': &lt;DatabaseWrapper vendor='postgresql' alias='default'&gt;, 'cursor': &lt;django.db.backends.utils.CursorWrapper object at 0x0000021C181CCA10&gt;})

    def _execute(self, sql, params, *ignored_wrapper_args):
        # Raise a warning during app initialization (stored_app_configs is only
        # ever set during testing).
        if not apps.ready and not apps.stored_app_configs:
            warnings.warn(self.APPS_NOT_READY_WARNING_MSG, category=RuntimeWarning)
        self.db.validate_no_broken_transaction()
        with self.db.wrap_database_errors:
            if params is None:
                # params default might be backend specific.
                return self.cursor.execute(sql)
            else:
&gt;               return self.cursor.execute(sql, params)
                       ^^^^^^^^^^^^^^^^^^^^^^^^^^^^^^^^
E               django.db.utils.IntegrityError: duplicate key value violates unique constraint "otto_user_upn_key"
E               DETAIL:  Key (upn)=(test_user_3.lastname@example.com) already exists.

C:\Users\barre\AppData\Local\Programs\Python\Python313\Lib\site-packages\django\db\backends\utils.py:105: IntegrityError</failure></testcase><testcase classname="tests.chat.test_chat_procs" name="test_htmx_stream_response_replacer" time="13.676"><failure message="django.db.utils.IntegrityError: duplicate key value violates unique constraint &quot;otto_user_upn_key&quot;&#10;DETAIL:  Key (upn)=(test_user_4.lastname@example.com) already exists.">self = &lt;django.db.backends.utils.CursorWrapper object at 0x0000021C181B19D0&gt;
sql = 'INSERT INTO "otto_user" ("password", "last_login", "is_superuser", "upn", "email", "oid", "first_name", "last_name", ...leted") VALUES (%s, %s, %s, %s, %s, %s, %s, %s, %s, %s, %s, %s, %s, %s, %s, %s, %s, %s, %s) RETURNING "otto_user"."id"'
params = ('', None, False, 'test_user_4.lastname@example.com', 'test_user_4@example.com', 'test_user_4_oid', ...)
ignored_wrapper_args = (False, {'connection': &lt;DatabaseWrapper vendor='postgresql' alias='default'&gt;, 'cursor': &lt;django.db.backends.utils.CursorWrapper object at 0x0000021C181B19D0&gt;})

    def _execute(self, sql, params, *ignored_wrapper_args):
        # Raise a warning during app initialization (stored_app_configs is only
        # ever set during testing).
        if not apps.ready and not apps.stored_app_configs:
            warnings.warn(self.APPS_NOT_READY_WARNING_MSG, category=RuntimeWarning)
        self.db.validate_no_broken_transaction()
        with self.db.wrap_database_errors:
            if params is None:
                # params default might be backend specific.
                return self.cursor.execute(sql)
            else:
&gt;               return self.cursor.execute(sql, params)
                       ^^^^^^^^^^^^^^^^^^^^^^^^^^^^^^^^
E               psycopg2.errors.UniqueViolation: duplicate key value violates unique constraint "otto_user_upn_key"
E               DETAIL:  Key (upn)=(test_user_4.lastname@example.com) already exists.

C:\Users\barre\AppData\Local\Programs\Python\Python313\Lib\site-packages\django\db\backends\utils.py:105: UniqueViolation

The above exception was the direct cause of the following exception:

basic_user = &lt;function basic_user.&lt;locals&gt;.new_user at 0x0000021C283B7560&gt;

    @pytest.mark.asyncio
    @pytest.mark.django_db()
    async def test_htmx_stream_response_replacer(basic_user):
        llm = OttoLLM(mock_embedding=True)
    
        async def stream_generator():
            yield "first thing"
            yield "second thing"
    
        # We first need an empty chat and a message
&gt;       user = await sync_to_async(basic_user)("test_user_4")
               ^^^^^^^^^^^^^^^^^^^^^^^^^^^^^^^^^^^^^^^^^^^^^^

django\tests\chat\test_chat_procs.py:249: 
_ _ _ _ _ _ _ _ _ _ _ _ _ _ _ _ _ _ _ _ _ _ _ _ _ _ _ _ _ _ _ _ _ _ _ _ _ _ _ _ _ _ _ _ _ _ _ _ _ _ _ _ _ _ _ _ _ _ _ _ _ 
C:\Users\barre\AppData\Local\Programs\Python\Python313\Lib\site-packages\asgiref\sync.py:502: in __call__
    ret = await asyncio.shield(exec_coro)
          ^^^^^^^^^^^^^^^^^^^^^^^^^^^^^^^
C:\Users\barre\AppData\Local\Programs\Python\Python313\Lib\concurrent\futures\thread.py:59: in run
    result = self.fn(*self.args, **self.kwargs)
             ^^^^^^^^^^^^^^^^^^^^^^^^^^^^^^^^^^
C:\Users\barre\AppData\Local\Programs\Python\Python313\Lib\site-packages\asgiref\sync.py:556: in thread_handler
    return func(*args, **kwargs)
           ^^^^^^^^^^^^^^^^^^^^^
django\tests\conftest.py:187: in new_user
    user = django_user_model.objects.create_user(
django\otto\models.py:22: in create_user
    user.save()
C:\Users\barre\AppData\Local\Programs\Python\Python313\Lib\site-packages\django\contrib\auth\base_user.py:65: in save
    super().save(*args, **kwargs)
C:\Users\barre\AppData\Local\Programs\Python\Python313\Lib\site-packages\django\db\models\base.py:902: in save
    self.save_base(
C:\Users\barre\AppData\Local\Programs\Python\Python313\Lib\site-packages\django\db\models\base.py:1008: in save_base
    updated = self._save_table(
C:\Users\barre\AppData\Local\Programs\Python\Python313\Lib\site-packages\django\db\models\base.py:1169: in _save_table
    results = self._do_insert(
C:\Users\barre\AppData\Local\Programs\Python\Python313\Lib\site-packages\django\db\models\base.py:1210: in _do_insert
    return manager._insert(
C:\Users\barre\AppData\Local\Programs\Python\Python313\Lib\site-packages\django\db\models\manager.py:87: in manager_method
    return getattr(self.get_queryset(), name)(*args, **kwargs)
           ^^^^^^^^^^^^^^^^^^^^^^^^^^^^^^^^^^^^^^^^^^^^^^^^^^^
C:\Users\barre\AppData\Local\Programs\Python\Python313\Lib\site-packages\django\db\models\query.py:1868: in _insert
    return query.get_compiler(using=using).execute_sql(returning_fields)
           ^^^^^^^^^^^^^^^^^^^^^^^^^^^^^^^^^^^^^^^^^^^^^^^^^^^^^^^^^^^^^
C:\Users\barre\AppData\Local\Programs\Python\Python313\Lib\site-packages\django\db\models\sql\compiler.py:1882: in execute_sql
    cursor.execute(sql, params)
C:\Users\barre\AppData\Local\Programs\Python\Python313\Lib\site-packages\django\db\backends\utils.py:79: in execute
    return self._execute_with_wrappers(
C:\Users\barre\AppData\Local\Programs\Python\Python313\Lib\site-packages\django\db\backends\utils.py:92: in _execute_with_wrappers
    return executor(sql, params, many, context)
           ^^^^^^^^^^^^^^^^^^^^^^^^^^^^^^^^^^^^
C:\Users\barre\AppData\Local\Programs\Python\Python313\Lib\site-packages\django\db\backends\utils.py:100: in _execute
    with self.db.wrap_database_errors:
         ^^^^^^^^^^^^^^^^^^^^^^^^^^^^
C:\Users\barre\AppData\Local\Programs\Python\Python313\Lib\site-packages\django\db\utils.py:91: in __exit__
    raise dj_exc_value.with_traceback(traceback) from exc_value
_ _ _ _ _ _ _ _ _ _ _ _ _ _ _ _ _ _ _ _ _ _ _ _ _ _ _ _ _ _ _ _ _ _ _ _ _ _ _ _ _ _ _ _ _ _ _ _ _ _ _ _ _ _ _ _ _ _ _ _ _ 

self = &lt;django.db.backends.utils.CursorWrapper object at 0x0000021C181B19D0&gt;
sql = 'INSERT INTO "otto_user" ("password", "last_login", "is_superuser", "upn", "email", "oid", "first_name", "last_name", ...leted") VALUES (%s, %s, %s, %s, %s, %s, %s, %s, %s, %s, %s, %s, %s, %s, %s, %s, %s, %s, %s) RETURNING "otto_user"."id"'
params = ('', None, False, 'test_user_4.lastname@example.com', 'test_user_4@example.com', 'test_user_4_oid', ...)
ignored_wrapper_args = (False, {'connection': &lt;DatabaseWrapper vendor='postgresql' alias='default'&gt;, 'cursor': &lt;django.db.backends.utils.CursorWrapper object at 0x0000021C181B19D0&gt;})

    def _execute(self, sql, params, *ignored_wrapper_args):
        # Raise a warning during app initialization (stored_app_configs is only
        # ever set during testing).
        if not apps.ready and not apps.stored_app_configs:
            warnings.warn(self.APPS_NOT_READY_WARNING_MSG, category=RuntimeWarning)
        self.db.validate_no_broken_transaction()
        with self.db.wrap_database_errors:
            if params is None:
                # params default might be backend specific.
                return self.cursor.execute(sql)
            else:
&gt;               return self.cursor.execute(sql, params)
                       ^^^^^^^^^^^^^^^^^^^^^^^^^^^^^^^^
E               django.db.utils.IntegrityError: duplicate key value violates unique constraint "otto_user_upn_key"
E               DETAIL:  Key (upn)=(test_user_4.lastname@example.com) already exists.

C:\Users\barre\AppData\Local\Programs\Python\Python313\Lib\site-packages\django\db\backends\utils.py:105: IntegrityError</failure></testcase><testcase classname="tests.chat.test_chat_procs" name="test_combine_response_generators" time="13.903" /><testcase classname="tests.chat.test_chat_procs" name="test_combine_response_replacers" time="11.797" /><testcase classname="tests.chat.test_chat_procs" name="test_combine_batch_generators" time="11.922" /><testcase classname="tests.chat.test_chat_procs" name="test_get_chat_history_sections" time="20.394" /><testcase classname="tests.chat.test_chat_readonly" name="test_chat" time="33.914" /><testcase classname="tests.chat.test_chat_translate" name="test_translate_file" time="23.414"><failure message="Exception: Error translating C:\Users\barre\AppData\Local\Temp\tmp_q6z6ykf.txt">file_path = 'C:\\Users\\barre\\AppData\\Local\\Temp\\tmp_q6z6ykf.txt', target_language = 'fr-ca'
custom_translator_id = None, glossary_path = None

    @shared_task(soft_time_limit=ten_minutes)
    def translate_file(
        file_path, target_language, custom_translator_id=None, glossary_path=None
    ):
        if target_language == "fr":
            target_language = "fr-ca"
        try:
            from chat.models import ChatFile, Message
            from django.core.files.base import ContentFile
    
            with open(file_path, "rb") as f:
                file_content = f.read()
    
            llm = OttoLLM(deployment="gemini-1.5-flash")
            prompt = f"Translate the following document to {target_language}:\n\n{file_content.decode('utf-8')}"
            translated_text = llm.complete(prompt)
            llm.create_costs()
    
            file_name = file_path.split("/")[-1]
            file_extension = os.path.splitext(file_name)[1]
            file_name_without_extension = os.path.splitext(file_name)[0]
            output_file_name = (
                f"{file_name_without_extension}_{target_language.upper()}{file_extension}"
            )
    
            request_context = get_contextvars()
            out_message = Message.objects.get(id=request_context.get("message_id"))
    
            new_file = ChatFile.objects.create(
                message=out_message,
                filename=output_file_name,
                content_type="text/plain",
            )
&gt;           new_file.saved_file.file.save(
                output_file_name, ContentFile(translated_text.encode("utf-8"))
            )

django\chat\tasks.py:93: 
_ _ _ _ _ _ _ _ _ _ _ _ _ _ _ _ _ _ _ _ _ _ _ _ _ _ _ _ _ _ _ _ _ _ _ _ _ _ _ _ _ _ _ _ _ _ _ _ _ _ _ _ _ _ _ _ _ _ _ _ _ 
C:\Users\barre\AppData\Local\Programs\Python\Python313\Lib\site-packages\django\db\models\fields\files.py:99: in save
    self.name = self.storage.save(name, content, max_length=self.field.max_length)
                ^^^^^^^^^^^^^^^^^^^^^^^^^^^^^^^^^^^^^^^^^^^^^^^^^^^^^^^^^^^^^^^^^^
C:\Users\barre\AppData\Local\Programs\Python\Python313\Lib\site-packages\django\core\files\storage\base.py:49: in save
    name = self._save(name, content)
           ^^^^^^^^^^^^^^^^^^^^^^^^^
_ _ _ _ _ _ _ _ _ _ _ _ _ _ _ _ _ _ _ _ _ _ _ _ _ _ _ _ _ _ _ _ _ _ _ _ _ _ _ _ _ _ _ _ _ _ _ _ _ _ _ _ _ _ _ _ _ _ _ _ _ 

self = &lt;django.core.files.storage.filesystem.FileSystemStorage object at 0x0000021C1276A0D0&gt;
name = 'files/2025/11/09/C:/Users/barre/AppData/Local/Temp/tmp_q6z6ykf_FR-CA.txt', content = &lt;ContentFile: Raw content&gt;

    def _save(self, name, content):
        full_path = self.path(name)
    
        # Create any intermediate directories that do not exist.
        directory = os.path.dirname(full_path)
        try:
            if self.directory_permissions_mode is not None:
                # Set the umask because os.makedirs() doesn't apply the "mode"
                # argument to intermediate-level directories.
                old_umask = os.umask(0o777 &amp; ~self.directory_permissions_mode)
                try:
                    os.makedirs(
                        directory, self.directory_permissions_mode, exist_ok=True
                    )
                finally:
                    os.umask(old_umask)
            else:
&gt;               os.makedirs(directory, exist_ok=True)
E               OSError: [WinError 123] The filename, directory name, or volume label syntax is incorrect: 'C:\\otto\\Otto\\django\\test_media\\files\\2025\\11\\09\\C:'

C:\Users\barre\AppData\Local\Programs\Python\Python313\Lib\site-packages\django\core\files\storage\filesystem.py:100: OSError

During handling of the above exception, another exception occurred:

all_apps_user = &lt;function all_apps_user.&lt;locals&gt;.new_user at 0x0000021C2862B880&gt;

    @pytest.mark.django_db
    def test_translate_file(all_apps_user):
        """Test translate_file function with Gemini-based translation."""
        # Create a temporary file with content
        with tempfile.NamedTemporaryFile(
            delete=False, mode="w", suffix=".txt", encoding="utf-8"
        ) as temp_file:
            temp_file.write("Hello, this is a test file.")
            file_path = temp_file.name
    
        try:
            # Create a user and message for the test
            user = all_apps_user()
            chat = Chat.objects.create(user=user)
            in_message = Message.objects.create(chat=chat, text="Translate this")
            out_message = Message.objects.create(chat=chat, text="")
    
            # Mock OttoLLM
            mock_llm = mock.MagicMock()
            mock_llm.complete.return_value = "Bonjour, ceci est un fichier de test."
            mock_llm.create_costs.return_value = None
    
            # Mock contextvars to return the message ID
            get_contextvars = mock.MagicMock()
            get_contextvars.return_value = {"message_id": out_message.id}
    
            with (
                mock.patch("chat.tasks.OttoLLM", return_value=mock_llm),
                mock.patch("chat.tasks.get_contextvars", get_contextvars),
            ):
&gt;               translate_file(file_path, "fr")

django\tests\chat\test_chat_translate.py:48: 
_ _ _ _ _ _ _ _ _ _ _ _ _ _ _ _ _ _ _ _ _ _ _ _ _ _ _ _ _ _ _ _ _ _ _ _ _ _ _ _ _ _ _ _ _ _ _ _ _ _ _ _ _ _ _ _ _ _ _ _ _ 
C:\Users\barre\AppData\Local\Programs\Python\Python313\Lib\site-packages\celery\local.py:182: in __call__
    return self._get_current_object()(*a, **kw)
           ^^^^^^^^^^^^^^^^^^^^^^^^^^^^^^^^^^^^
C:\Users\barre\AppData\Local\Programs\Python\Python313\Lib\site-packages\celery\app\task.py:411: in __call__
    return self.run(*args, **kwargs)
           ^^^^^^^^^^^^^^^^^^^^^^^^^
_ _ _ _ _ _ _ _ _ _ _ _ _ _ _ _ _ _ _ _ _ _ _ _ _ _ _ _ _ _ _ _ _ _ _ _ _ _ _ _ _ _ _ _ _ _ _ _ _ _ _ _ _ _ _ _ _ _ _ _ _ 

file_path = 'C:\\Users\\barre\\AppData\\Local\\Temp\\tmp_q6z6ykf.txt', target_language = 'fr-ca'
custom_translator_id = None, glossary_path = None

    @shared_task(soft_time_limit=ten_minutes)
    def translate_file(
        file_path, target_language, custom_translator_id=None, glossary_path=None
    ):
        if target_language == "fr":
            target_language = "fr-ca"
        try:
            from chat.models import ChatFile, Message
            from django.core.files.base import ContentFile
    
            with open(file_path, "rb") as f:
                file_content = f.read()
    
            llm = OttoLLM(deployment="gemini-1.5-flash")
            prompt = f"Translate the following document to {target_language}:\n\n{file_content.decode('utf-8')}"
            translated_text = llm.complete(prompt)
            llm.create_costs()
    
            file_name = file_path.split("/")[-1]
            file_extension = os.path.splitext(file_name)[1]
            file_name_without_extension = os.path.splitext(file_name)[0]
            output_file_name = (
                f"{file_name_without_extension}_{target_language.upper()}{file_extension}"
            )
    
            request_context = get_contextvars()
            out_message = Message.objects.get(id=request_context.get("message_id"))
    
            new_file = ChatFile.objects.create(
                message=out_message,
                filename=output_file_name,
                content_type="text/plain",
            )
            new_file.saved_file.file.save(
                output_file_name, ContentFile(translated_text.encode("utf-8"))
            )
    
        except SoftTimeLimitExceeded:
            logger.error(f"Translation task timed out for {file_path}")
            raise Exception(f"Translation task timed out for {file_path}")
        except Exception as e:
            logger.exception(f"Error translating {file_path}: {e}")
&gt;           raise Exception(f"Error translating {file_path}")
E           Exception: Error translating C:\Users\barre\AppData\Local\Temp\tmp_q6z6ykf.txt

django\chat\tasks.py:102: Exception</failure></testcase><testcase classname="tests.chat.test_chat_translate_glossary" name="test_translate_glossary_upload_and_usage" time="89.020" /><testcase classname="tests.chat.test_chat_views" name="test_title_chat" time="18.998" /><testcase classname="tests.chat.test_chat_views" name="test_chat" time="35.975" /><testcase classname="tests.chat.test_chat_views" name="test_chat_message" time="18.987" /><testcase classname="tests.chat.test_chat_views" name="test_translate_file" time="24.632" /><testcase classname="tests.chat.test_chat_views" name="test_cost_warning" time="21.698" /><testcase classname="tests.chat.test_chat_views" name="test_chat_routes" time="18.164" /><testcase classname="tests.chat.test_chat_views" name="test_delete_chat" time="18.056" /><testcase classname="tests.chat.test_chat_views" name="test_delete_all_chats" time="21.081" /><testcase classname="tests.chat.test_chat_views" name="test_download_file" time="20.446"><failure message="assert 302 == 200&#10; +  where 302 = &lt;HttpResponseRedirect status_code=302, &quot;text/html; charset=utf-8&quot;, url=&quot;/&quot;&gt;.status_code">client = &lt;django.test.client.Client object at 0x0000021C28AB2F30&gt;
all_apps_user = &lt;function all_apps_user.&lt;locals&gt;.new_user at 0x0000021C28AB3380&gt;

    @pytest.mark.django_db
    def test_download_file(client, all_apps_user):
        user = all_apps_user()
        client.force_login(user)
        # Write a file to translate called "test file.txt" with contents "Hello"
        with tempfile.TemporaryDirectory() as tmpdirname:
            with open(f"{tmpdirname}/test file.txt", "w") as file:
                file.write("Hello")
            chat = Chat.objects.create(user=user)
            in_message = Message.objects.create(chat=chat, text="")
            chat_file = ChatFile.objects.create(
                message=in_message,
                filename="test file.txt",
                eof=1,
                content_type="text/plain",
            )
            chat_file.saved_file.file.save(
                "test file.txt", open(f"{tmpdirname}/test file.txt", "rb")
            )
            file_id = chat_file.id
            url = reverse("chat:download_file", args=[file_id])
            response = client.get(url)
            assert response.status_code == 200
        # Note: In test/local mode, permission_required decorator is disabled
        # so even wrong_user can access the file
        wrong_user = all_apps_user("wrong_user")
        client.force_login(wrong_user)
        response = client.get(url)
        # In production, this would be 403 or 404, but in test mode permissions are bypassed
&gt;       assert response.status_code == 200
E       assert 302 == 200
E        +  where 302 = &lt;HttpResponseRedirect status_code=302, "text/html; charset=utf-8", url="/"&gt;.status_code

django\tests\chat\test_chat_views.py:418: AssertionError</failure></testcase><testcase classname="tests.chat.test_chat_views" name="test_chat_response" time="32.313" /><testcase classname="tests.chat.test_chat_views" name="test_chat_summarization_response" time="33.109" /><testcase classname="tests.chat.test_chat_views" name="test_translate_response" time="39.206" /><testcase classname="tests.chat.test_chat_views" name="test_qa_response" time="39.572" /><testcase classname="tests.chat.test_chat_views" name="test_qa_filters" time="35.366" /><testcase classname="tests.chat.test_chat_views" name="test_positive_thumbs_feedback" time="16.287" /><testcase classname="tests.chat.test_chat_views" name="test_negative_thumbs_feedback" time="16.654" /><testcase classname="tests.chat.test_chat_views" name="test_rename_chat_title" time="20.554" /><testcase classname="tests.chat.test_chat_views" name="test_per_source_qa_response" time="29.821" /><testcase classname="tests.chat.test_chat_views" name="test_summarize_qa_response" time="32.381" /><testcase classname="tests.chat.test_chat_views" name="test_preset" time="51.010" /><testcase classname="tests.chat.test_chat_views" name="test_update_qa_options_from_librarian" time="24.051" /><testcase classname="tests.chat.test_chat_views" name="test_chat_message_error" time="27.630" /><testcase classname="tests.chat.test_chat_views" name="test_chat_message_url_validation" time="16.723" /><testcase classname="tests.chat.test_chat_views" name="test_generate_prompt_view" time="20.880" /><testcase classname="tests.chat.test_chat_views" name="test_email_chat_author" time="16.310" /><testcase classname="tests.chat.test_chat_views" name="test_share_chat" time="15.784" /><testcase classname="tests.chat.test_glossary_filename_persistence" name="test_translate_glossary_filename_persists_on_refresh" time="19.688" /><testcase classname="tests.chat.test_highlights" name="test_mark_sentences" time="10.229" /><testcase classname="tests.chat.test_highlights" name="test_highlight_claims" time="11.663" /><testcase classname="tests.chat.test_highlights" name="test_highlight_claims_with_no_matches" time="9.728" /><testcase classname="tests.chat.test_highlights" name="test_highlight_claims_with_threshold" time="9.999" /><testcase classname="tests.chat.test_highlights" name="test_extract_claims_from_llm_tags_present" time="13.425" /><testcase classname="tests.chat.test_llm_edge_cases.TestLLMModelConfiguration" name="test_llm_model_creation" time="10.482" /><testcase classname="tests.chat.test_llm_edge_cases.TestLLMModelConfiguration" name="test_llm_model_localized_properties" time="9.354" /><testcase classname="tests.chat.test_llm_edge_cases.TestLLMModelConfiguration" name="test_llm_model_deprecated_flag" time="9.261" /><testcase classname="tests.chat.test_llm_edge_cases.TestLLMModelConfiguration" name="test_llm_model_inactive" time="9.285" /><testcase classname="tests.chat.test_llm_edge_cases.TestLLMModelConfiguration" name="test_llm_model_reasoning_flag" time="9.473" /><testcase classname="tests.chat.test_llm_edge_cases.TestLLMModelConfiguration" name="test_get_model_valid" time="9.476" /><testcase classname="tests.chat.test_llm_edge_cases.TestLLMModelConfiguration" name="test_get_model_invalid_returns_default" time="9.490" /><testcase classname="tests.chat.test_llm_edge_cases.TestOttoLLMInitialization" name="test_ottollm_default_initialization" time="12.422" /><testcase classname="tests.chat.test_llm_edge_cases.TestOttoLLMInitialization" name="test_ottollm_custom_deployment" time="12.385" /><testcase classname="tests.chat.test_llm_edge_cases.TestOttoLLMInitialization" name="test_ottollm_mock_embedding_mode" time="10.873" /><testcase classname="tests.chat.test_llm_edge_cases.TestOttoLLMInitialization" name="test_ottollm_missing_api_key_warning" time="9.061" /><testcase classname="tests.chat.test_llm_edge_cases.TestChatHistoryConversion" name="test_chat_history_to_prompt_empty" time="9.583" /><testcase classname="tests.chat.test_llm_edge_cases.TestChatHistoryConversion" name="test_chat_history_to_prompt_with_roles" time="9.168" /><testcase classname="tests.chat.test_llm_edge_cases.TestChatHistoryConversion" name="test_chat_history_to_prompt_with_dict" time="9.634" /><testcase classname="tests.chat.test_llm_edge_cases.TestTokenLimitHandling" name="test_model_token_limits_defined" time="9.291" /><testcase classname="tests.chat.test_llm_edge_cases.TestTokenLimitHandling" name="test_model_reasonable_token_limits" time="12.596" /><testcase classname="tests.chat.test_llm_edge_cases.TestCostTracking" name="test_cost_model_exists" time="10.171" /><testcase classname="tests.chat.test_llm_edge_cases.TestCostTracking" name="test_cost_tracking_called" time="9.441" /><testcase classname="tests.chat.test_llm_edge_cases.TestLLMErrorHandling" name="test_ottollm_handles_empty_prompt" time="13.374" /><testcase classname="tests.chat.test_llm_edge_cases.TestLLMErrorHandling" name="test_ottollm_handles_api_error" time="14.667" /><testcase classname="tests.chat.test_llm_edge_cases.TestLLMErrorHandling" name="test_ottollm_invalid_deployment_name" time="12.492" /><testcase classname="tests.chat.test_llm_edge_cases.TestMockLLMContext" name="test_mock_llm_context_default" time="9.515" /><testcase classname="tests.chat.test_llm_edge_cases.TestMockLLMContext" name="test_mock_llm_context_can_be_set" time="9.527" /><testcase classname="tests.chat.test_llm_edge_cases.TestMockLLMContext" name="test_mock_llm_context_isolation" time="9.620" /><testcase classname="tests.chat.test_llm_edge_cases.TestModelMetadata" name="test_models_have_descriptions" time="9.688" /><testcase classname="tests.chat.test_llm_edge_cases.TestModelMetadata" name="test_models_have_groups" time="9.715" /><testcase classname="tests.chat.test_llm_edge_cases.TestModelMetadata" name="test_system_prompt_customization" time="10.359" /><testcase classname="tests.chat.test_llm_edge_cases.TestLLMModelIntegration" name="test_models_by_id_populated" time="10.479" /><testcase classname="tests.chat.test_llm_edge_cases.TestLLMModelIntegration" name="test_default_chat_model_exists" time="10.601" /><testcase classname="tests.chat.test_llm_edge_cases.TestLLMModelIntegration" name="test_all_models_have_unique_ids" time="10.522" /><testcase classname="tests.chat.test_llm_edge_cases.TestLLMModelIntegration" name="test_all_models_have_unique_deployments" time="10.991" /><testcase classname="tests.chat.test_llm_edge_cases.TestLLMNegativeCases" name="test_llm_model_missing_required_fields" time="10.701" /><testcase classname="tests.chat.test_llm_edge_cases.TestLLMNegativeCases" name="test_llm_model_invalid_token_limits" time="10.447" /><testcase classname="tests.chat.test_llm_edge_cases.TestLLMNegativeCases" name="test_ottollm_with_none_deployment" time="10.433" /><testcase classname="tests.chat.test_llm_edge_cases.TestLLMNegativeCases" name="test_chat_history_with_malformed_data" time="10.555" /><testcase classname="tests.chat.test_llm_edge_cases.TestTimeoutAndRetry" name="test_retry_decorator_exists" time="10.517" /><testcase classname="tests.chat.test_llm_edge_cases.TestTimeoutAndRetry" name="test_ottollm_initialization_timeout" time="12.989" /><testcase classname="tests.chat.test_llm_edge_cases.TestModelProvider" name="test_model_provider_google" time="10.649" /><testcase classname="tests.chat.test_llm_edge_cases.TestModelProvider" name="test_model_provider_in_llm" time="11.547" /><testcase classname="tests.chat.test_message_pre_delete" name="test_message_pre_delete_removes_documents" time="28.427" /><testcase classname="tests.chat.test_message_pre_delete" name="test_message_pre_delete_non_qa_mode_no_deletion" time="18.305" /><testcase classname="tests.chat.test_message_pre_delete" name="test_message_pre_delete_multiple_documents" time="26.800" /><testcase classname="tests.chat.test_message_pre_delete" name="test_message_pre_delete_no_saved_file" time="18.187" /><testcase classname="tests.chat.test_message_pre_delete" name="test_message_pre_delete_error_handling" time="17.695" /><testcase classname="tests.laws.test_laws_loading" name="test_laws_loading_monitor_view" time="31.308" /><testcase classname="tests.laws.test_laws_loading" name="test_laws_loading_status_api" time="29.557" /><testcase classname="tests.laws.test_laws_loading" name="test_laws_loading_start_post" time="29.765" /><testcase classname="tests.laws.test_laws_loading" name="test_laws_loading_cancel_post" time="27.316" /><testcase classname="tests.laws.test_laws_loading" name="test_laws_loading_cancel_when_not_running" time="27.302" /><testcase classname="tests.laws.test_laws_loading" name="test_laws_list_view" time="27.224" /><testcase classname="tests.laws.test_laws_loading" name="test_job_status_singleton" time="21.486" /><testcase classname="tests.laws.test_laws_loading" name="test_job_status_cancel" time="21.156" /><testcase classname="tests.laws.test_laws_loading" name="test_law_model_creation" time="20.850" /><testcase classname="tests.laws.test_laws_loading" name="test_law_loading_status_choices" time="21.558" /><testcase classname="tests.laws.test_laws_loading" name="test_law_loading_status_label_translation" time="21.392" /><testcase classname="tests.laws.test_laws_loading" name="test_law_loading_details_label_translation" time="21.011" /><testcase classname="tests.laws.test_laws_loading" name="test_get_sha_256_hash" time="21.473" /><testcase classname="tests.laws.test_laws_loading" name="test_get_dict_from_xml" time="21.199" /><testcase classname="tests.laws.test_laws_loading" name="test_small_laws_already_loaded" time="21.179" /><testcase classname="tests.laws.test_laws_loading" name="test_law_loading_statuses_exist" time="21.070" /><testcase classname="tests.laws.test_laws_loading" name="test_laws_index" time="26.663" /><testcase classname="tests.laws.test_laws_loading" name="test_law_deletion_removes_from_vector_store" time="24.387" /><testcase classname="tests.laws.test_laws_loading" name="test_law_manager_purge_functionality" time="22.871" /><testcase classname="tests.laws.test_laws_loading" name="test_law_loading_with_mock_embedding" time="21.948" /><testcase classname="tests.laws.test_laws_loading" name="test_law_loading_task_integration" time="22.617" /><testcase classname="tests.laws.test_laws_loading" name="test_law_loading_task_with_download" time="24.683" /><testcase classname="tests.laws.test_laws_tasks" name="test_law_loading_with_mock_embedding" time="24.666" /><testcase classname="tests.laws.test_laws_tasks" name="test_law_loading_task_integration" time="28.878" /><testcase classname="tests.laws.test_laws_tasks" name="test_law_loading_task_with_download" time="24.464" /><testcase classname="tests.laws.test_laws_utils" name="test_get_law_url" time="29.062" /><testcase classname="tests.laws.test_laws_utils" name="test_format_llm_string" time="22.182" /><testcase classname="tests.laws.test_laws_utils" name="test_htmx_sse_response" time="21.612" /><testcase classname="tests.laws.test_laws_utils" name="test_htmx_sse_error" time="22.111" /><testcase classname="tests.laws.test_laws_utils" name="test_html_render" time="23.209" /><testcase classname="tests.laws.test_laws_views" name="test_laws_index" time="29.240" /><testcase classname="tests.laws.test_laws_views" name="test_laws_search_and_answer" time="37.004" /><testcase classname="tests.librarian.test_document_loading" name="test_extract_pdf" time="8.668" /><testcase classname="tests.librarian.test_document_loading" name="test_extract_pdf_gemini_read" time="22.164"><failure message="otto.models.CostType.DoesNotExist: CostType matching query does not exist.">@pytest.mark.django_db
    def test_extract_pdf_gemini_read():
        # Load a PDF file using Gemini OCR
        cost_count = Cost.objects.count()
        with open(os.path.join(this_dir, "test_files/example.pdf"), "rb") as f:
            content = f.read()
&gt;           extraction_result = extract_markdown(content, "PDF", pdf_method="gemini_read")
                                ^^^^^^^^^^^^^^^^^^^^^^^^^^^^^^^^^^^^^^^^^^^^^^^^^^^^^^^^^^

django\tests\librarian\test_document_loading.py:75: 
_ _ _ _ _ _ _ _ _ _ _ _ _ _ _ _ _ _ _ _ _ _ _ _ _ _ _ _ _ _ _ _ _ _ _ _ _ _ _ _ _ _ _ _ _ _ _ _ _ _ _ _ _ _ _ _ _ _ _ _ _ 
django\librarian\utils\process_engine.py:307: in extract_markdown
    md = pdf_to_text_gemini_read(content)
         ^^^^^^^^^^^^^^^^^^^^^^^^^^^^^^^^
django\librarian\utils\process_engine.py:695: in pdf_to_text_gemini_read
    cost = Cost.objects.new(cost_type="gemini-ocr", count=len(text))
           ^^^^^^^^^^^^^^^^^^^^^^^^^^^^^^^^^^^^^^^^^^^^^^^^^^^^^^^^^
django\otto\models.py:412: in new
    cost_type = CostType.objects.get(short_name=cost_type)
                ^^^^^^^^^^^^^^^^^^^^^^^^^^^^^^^^^^^^^^^^^^
C:\Users\barre\AppData\Local\Programs\Python\Python313\Lib\site-packages\django\db\models\manager.py:87: in manager_method
    return getattr(self.get_queryset(), name)(*args, **kwargs)
           ^^^^^^^^^^^^^^^^^^^^^^^^^^^^^^^^^^^^^^^^^^^^^^^^^^^
_ _ _ _ _ _ _ _ _ _ _ _ _ _ _ _ _ _ _ _ _ _ _ _ _ _ _ _ _ _ _ _ _ _ _ _ _ _ _ _ _ _ _ _ _ _ _ _ _ _ _ _ _ _ _ _ _ _ _ _ _ 

self = &lt;MultilingualQuerySet [&lt;CostType: GPT-4o Global (input)&gt;, &lt;CostType: GPT-4o Global (output)&gt;, &lt;CostType: OpenAI Embedd... (input)&gt;, &lt;CostType: o4-mini Global (output)&gt;, &lt;CostType: o3 Global (input)&gt;, '...(remaining elements truncated)...']&gt;
args = (), kwargs = {'short_name': 'gemini-ocr'}, clone = &lt;MultilingualQuerySet []&gt;, limit = 21, num = 0

    def get(self, *args, **kwargs):
        """
        Perform the query and return a single object matching the given
        keyword arguments.
        """
        if self.query.combinator and (args or kwargs):
            raise NotSupportedError(
                "Calling QuerySet.get(...) with filters after %s() is not "
                "supported." % self.query.combinator
            )
        clone = self._chain() if self.query.combinator else self.filter(*args, **kwargs)
        if self.query.can_filter() and not self.query.distinct_fields:
            clone = clone.order_by()
        limit = None
        if (
            not clone.query.select_for_update
            or connections[clone.db].features.supports_select_for_update_with_limit
        ):
            limit = MAX_GET_RESULTS
            clone.query.set_limits(high=limit)
        num = len(clone)
        if num == 1:
            return clone._result_cache[0]
        if not num:
&gt;           raise self.model.DoesNotExist(
                "%s matching query does not exist." % self.model._meta.object_name
            )
E           otto.models.CostType.DoesNotExist: CostType matching query does not exist.

C:\Users\barre\AppData\Local\Programs\Python\Python313\Lib\site-packages\django\db\models\query.py:633: DoesNotExist</failure></testcase><testcase classname="tests.librarian.test_document_loading" name="test_extract_pdf_gemini_layout" time="22.660"><failure message="otto.models.CostType.DoesNotExist: CostType matching query does not exist.">@pytest.mark.django_db
    def test_extract_pdf_gemini_layout():
        # Load a PDF file using Gemini OCR with layout
        cost_count = Cost.objects.count()
        with open(os.path.join(this_dir, "test_files/example.pdf"), "rb") as f:
            content = f.read()
&gt;           extraction_result = extract_markdown(content, "PDF", pdf_method="gemini_layout")
                                ^^^^^^^^^^^^^^^^^^^^^^^^^^^^^^^^^^^^^^^^^^^^^^^^^^^^^^^^^^^^

django\tests\librarian\test_document_loading.py:87: 
_ _ _ _ _ _ _ _ _ _ _ _ _ _ _ _ _ _ _ _ _ _ _ _ _ _ _ _ _ _ _ _ _ _ _ _ _ _ _ _ _ _ _ _ _ _ _ _ _ _ _ _ _ _ _ _ _ _ _ _ _ 
django\librarian\utils\process_engine.py:309: in extract_markdown
    md = pdf_to_markdown_via_html_gemini_layout(content)
         ^^^^^^^^^^^^^^^^^^^^^^^^^^^^^^^^^^^^^^^^^^^^^^^
django\librarian\utils\process_engine.py:425: in pdf_to_markdown_via_html_gemini_layout
    html = _pdf_to_html_gemini_layout(content)
           ^^^^^^^^^^^^^^^^^^^^^^^^^^^^^^^^^^^
django\librarian\utils\process_engine.py:652: in _pdf_to_html_gemini_layout
    cost = Cost.objects.new(cost_type="gemini-ocr", count=len(html))
           ^^^^^^^^^^^^^^^^^^^^^^^^^^^^^^^^^^^^^^^^^^^^^^^^^^^^^^^^^
django\otto\models.py:412: in new
    cost_type = CostType.objects.get(short_name=cost_type)
                ^^^^^^^^^^^^^^^^^^^^^^^^^^^^^^^^^^^^^^^^^^
C:\Users\barre\AppData\Local\Programs\Python\Python313\Lib\site-packages\django\db\models\manager.py:87: in manager_method
    return getattr(self.get_queryset(), name)(*args, **kwargs)
           ^^^^^^^^^^^^^^^^^^^^^^^^^^^^^^^^^^^^^^^^^^^^^^^^^^^
_ _ _ _ _ _ _ _ _ _ _ _ _ _ _ _ _ _ _ _ _ _ _ _ _ _ _ _ _ _ _ _ _ _ _ _ _ _ _ _ _ _ _ _ _ _ _ _ _ _ _ _ _ _ _ _ _ _ _ _ _ 

self = &lt;MultilingualQuerySet [&lt;CostType: Azure custom translation&gt;, &lt;CostType: GPT-4o Global (input)&gt;, &lt;CostType: GPT-4o Glob... (input)&gt;, &lt;CostType: o4-mini Global (output)&gt;, &lt;CostType: o3 Global (input)&gt;, '...(remaining elements truncated)...']&gt;
args = (), kwargs = {'short_name': 'gemini-ocr'}, clone = &lt;MultilingualQuerySet []&gt;, limit = 21, num = 0

    def get(self, *args, **kwargs):
        """
        Perform the query and return a single object matching the given
        keyword arguments.
        """
        if self.query.combinator and (args or kwargs):
            raise NotSupportedError(
                "Calling QuerySet.get(...) with filters after %s() is not "
                "supported." % self.query.combinator
            )
        clone = self._chain() if self.query.combinator else self.filter(*args, **kwargs)
        if self.query.can_filter() and not self.query.distinct_fields:
            clone = clone.order_by()
        limit = None
        if (
            not clone.query.select_for_update
            or connections[clone.db].features.supports_select_for_update_with_limit
        ):
            limit = MAX_GET_RESULTS
            clone.query.set_limits(high=limit)
        num = len(clone)
        if num == 1:
            return clone._result_cache[0]
        if not num:
&gt;           raise self.model.DoesNotExist(
                "%s matching query does not exist." % self.model._meta.object_name
            )
E           otto.models.CostType.DoesNotExist: CostType matching query does not exist.

C:\Users\barre\AppData\Local\Programs\Python\Python313\Lib\site-packages\django\db\models\query.py:633: DoesNotExist</failure></testcase><testcase classname="tests.librarian.test_document_loading" name="test_extract_pptx" time="10.582" /><testcase classname="tests.librarian.test_document_loading" name="test_extract_docx" time="9.071" /><testcase classname="tests.librarian.test_document_loading" name="test_extract_text" time="8.778" /><testcase classname="tests.librarian.test_document_loading" name="test_extract_outlook_msg" time="23.314" /><testcase classname="tests.librarian.test_document_loading" name="test_extract_eml" time="20.654" /><testcase classname="tests.librarian.test_document_loading" name="test_extract_png" time="0.000"><skipped type="pytest.skip" message="Gemini API limitation: PNG files return 'The document has no pages' error">C:\otto\Otto\django\tests\librarian\test_document_loading.py:219: Gemini API limitation: PNG files return 'The document has no pages' error</skipped></testcase><testcase classname="tests.librarian.test_document_loading" name="test_extract_zip" time="39.430" /><testcase classname="tests.librarian.test_document_loading" name="test_resize_image_for_ocr" time="12.337" /><testcase classname="tests.librarian.test_document_loading" name="test_extract_csv" time="10.475" /><testcase classname="tests.librarian.test_document_loading" name="test_extract_excel" time="9.197" /><testcase classname="tests.librarian.test_document_loading" name="test_decode_content_utf8" time="9.001" /><testcase classname="tests.librarian.test_document_loading" name="test_decode_content_cp1252" time="9.689" /><testcase classname="tests.librarian.test_document_loading" name="test_decode_content_with_custom_encodings" time="10.350" /><testcase classname="tests.librarian.test_file_uploads" name="test_docx_to_markdown_success" time="9.411" /><testcase classname="tests.librarian.test_file_uploads" name="test_docx_to_markdown_corrupted" time="8.839" /><testcase classname="tests.librarian.test_file_uploads" name="test_pptx_to_markdown_success" time="8.948" /><testcase classname="tests.librarian.test_file_uploads" name="test_pptx_to_markdown_corrupted" time="9.724" /><testcase classname="tests.librarian.test_file_uploads" name="test_excel_to_markdown_success" time="8.959" /><testcase classname="tests.librarian.test_file_uploads" name="test_excel_to_markdown_corrupted" time="9.693" /><testcase classname="tests.librarian.test_file_uploads" name="test_csv_to_markdown_success" time="10.127" /><testcase classname="tests.librarian.test_file_uploads" name="test_csv_to_markdown_corrupted" time="8.794" /><testcase classname="tests.librarian.test_file_uploads" name="test_pdf_to_text_corrupted" time="9.385" /><testcase classname="tests.librarian.test_file_uploads" name="test_empty_csv" time="8.747" /><testcase classname="tests.librarian.test_file_uploads" name="test_empty_excel" time="9.516" /><testcase classname="tests.librarian.test_file_uploads" name="test_markdown_table_formatting" time="9.975" /><testcase classname="tests.librarian.test_file_uploads" name="test_multiple_excel_sheets" time="9.819" /><testcase classname="tests.librarian.test_librarian" name="test_editable_library_list_and_library_form" time="52.481" /><testcase classname="tests.librarian.test_librarian" name="test_modal_library_list" time="17.154" /><testcase classname="tests.librarian.test_librarian" name="test_modal_create_library_get" time="19.911" /><testcase classname="tests.librarian.test_librarian" name="test_modal_create_library_post" time="20.244" /><testcase classname="tests.librarian.test_librarian" name="test_modal_view_library_get" time="29.521" /><testcase classname="tests.librarian.test_librarian" name="test_modal_edit_library_get_redirect" time="21.787" /><testcase classname="tests.librarian.test_librarian" name="test_chat_data_source" time="55.838"><skipped type="pytest.xfail" message="Windows file handle locking: HTTP response file handles persist beyond reasonable retry windows in test environment. Application logic is correct - file deletion works in production." /></testcase><testcase classname="tests.librarian.test_librarian" name="test_start_stop" time="36.121" /><testcase classname="tests.librarian.test_librarian" name="test_modal_views" time="28.029" /><testcase classname="tests.librarian.test_librarian" name="test_poll_status" time="14.157" /><testcase classname="tests.librarian.test_librarian" name="test_document_url_validation" time="13.710" /><testcase classname="tests.librarian.test_librarian" name="test_email_library_admins" time="13.447" /><testcase classname="tests.librarian.test_librarian_models" name="test_create_library" time="14.546" /><testcase classname="tests.librarian.test_librarian_models" name="test_create_data_source" time="13.724"><failure message="chat.models.Preset.MultipleObjectsReturned: get() returned more than one Preset -- it returned 2!">@pytest.mark.django_db
    def test_create_data_source():
        """
        Tests the creation of a DataSource object.
        """
        # Use get_or_create to avoid duplicate key errors with fixtures
        SecurityLabel.objects.get_or_create(name="Unclassified", defaults={"acronym_en": "UC"})
        user = User.objects.create_user(upn="testuser@example.com", email="testuser@example.com")
        options = ChatOptions.objects.create()
        preset, _ = Preset.objects.get_or_create(name_en="Default", defaults={"options": options, "english_default": True})
&gt;       chat = Chat.objects.create(user=user)
               ^^^^^^^^^^^^^^^^^^^^^^^^^^^^^^

django\tests\librarian\test_librarian_models.py:27: 
_ _ _ _ _ _ _ _ _ _ _ _ _ _ _ _ _ _ _ _ _ _ _ _ _ _ _ _ _ _ _ _ _ _ _ _ _ _ _ _ _ _ _ _ _ _ _ _ _ _ _ _ _ _ _ _ _ _ _ _ _ 
django\chat\models.py:94: in create
    ChatOptions.objects.from_defaults(
django\chat\models.py:147: in from_defaults
    default_preset = Preset.objects.get_global_default()
                     ^^^^^^^^^^^^^^^^^^^^^^^^^^^^^^^^^^^
django\chat\models.py:335: in get_global_default
    return self.get(english_default=True)
           ^^^^^^^^^^^^^^^^^^^^^^^^^^^^^^
C:\Users\barre\AppData\Local\Programs\Python\Python313\Lib\site-packages\django\db\models\manager.py:87: in manager_method
    return getattr(self.get_queryset(), name)(*args, **kwargs)
           ^^^^^^^^^^^^^^^^^^^^^^^^^^^^^^^^^^^^^^^^^^^^^^^^^^^
_ _ _ _ _ _ _ _ _ _ _ _ _ _ _ _ _ _ _ _ _ _ _ _ _ _ _ _ _ _ _ _ _ _ _ _ _ _ _ _ _ _ _ _ _ _ _ _ _ _ _ _ _ _ _ _ _ _ _ _ _ 

self = &lt;QuerySet [&lt;Preset: Preset 5145: Otto default (English)&gt;, &lt;Preset: Preset 5146: Otto default (French)&gt;, &lt;Preset: Prese...reset: Preset 5157: Translate to English&gt;, &lt;Preset: Preset 5158: Translate to French&gt;, &lt;Preset: Preset 5159: Default&gt;]&gt;
args = (), kwargs = {'english_default': True}
clone = &lt;QuerySet [&lt;Preset: Preset 5145: Otto default (English)&gt;, &lt;Preset: Preset 5159: Default&gt;]&gt;, limit = 21, num = 2

    def get(self, *args, **kwargs):
        """
        Perform the query and return a single object matching the given
        keyword arguments.
        """
        if self.query.combinator and (args or kwargs):
            raise NotSupportedError(
                "Calling QuerySet.get(...) with filters after %s() is not "
                "supported." % self.query.combinator
            )
        clone = self._chain() if self.query.combinator else self.filter(*args, **kwargs)
        if self.query.can_filter() and not self.query.distinct_fields:
            clone = clone.order_by()
        limit = None
        if (
            not clone.query.select_for_update
            or connections[clone.db].features.supports_select_for_update_with_limit
        ):
            limit = MAX_GET_RESULTS
            clone.query.set_limits(high=limit)
        num = len(clone)
        if num == 1:
            return clone._result_cache[0]
        if not num:
            raise self.model.DoesNotExist(
                "%s matching query does not exist." % self.model._meta.object_name
            )
&gt;       raise self.model.MultipleObjectsReturned(
            "get() returned more than one %s -- it returned %s!"
            % (
                self.model._meta.object_name,
                num if not limit or num &lt; limit else "more than %s" % (limit - 1),
            )
        )
E       chat.models.Preset.MultipleObjectsReturned: get() returned more than one Preset -- it returned 2!

C:\Users\barre\AppData\Local\Programs\Python\Python313\Lib\site-packages\django\db\models\query.py:636: MultipleObjectsReturned</failure></testcase><testcase classname="tests.librarian.test_markdown_splitter" name="test_split_with_page_numbers_no_page_tags" time="8.531" /><testcase classname="tests.librarian.test_markdown_splitter" name="test_split_with_page_numbers_single_page_tag" time="8.290" /><testcase classname="tests.librarian.test_markdown_splitter" name="test_split_with_page_numbers_multiple_page_tags" time="8.502" /><testcase classname="tests.librarian.test_markdown_splitter" name="test_split_with_page_numbers_no_content_between_page_tags" time="29.281" /><testcase classname="tests.librarian.test_markdown_splitter" name="test_split_with_page_numbers_overlap" time="8.674" /><testcase classname="tests.librarian.test_markdown_splitter" name="test_close_page_tags_simple" time="8.522" /><testcase classname="tests.librarian.test_markdown_splitter" name="test_close_page_tags_complex_1" time="8.949" /><testcase classname="tests.librarian.test_markdown_splitter" name="test_close_page_tags_complex_2" time="8.763" /><testcase classname="tests.librarian.test_markdown_splitter" name="test_get_heading" time="8.684" /><testcase classname="tests.librarian.test_markdown_splitter" name="test_set_headings" time="9.516" /><testcase classname="tests.librarian.test_markdown_splitter" name="test_prepend_headings" time="13.624" /><testcase classname="tests.librarian.test_markdown_splitter" name="test_get_all_headings_1" time="9.563" /><testcase classname="tests.librarian.test_markdown_splitter" name="test_get_all_headings_2" time="10.403" /><testcase classname="tests.librarian.test_markdown_splitter" name="test_get_all_headings_3" time="9.314" /><testcase classname="tests.librarian.test_markdown_splitter" name="test_table_heading_helpers" time="9.386" /><testcase classname="tests.librarian.test_markdown_splitter" name="test_get_last_table_header_1" time="9.338" /><testcase classname="tests.librarian.test_markdown_splitter" name="test_get_last_table_header_2" time="9.823" /><testcase classname="tests.librarian.test_markdown_splitter" name="test_get_last_table_header_3" time="9.289" /><testcase classname="tests.librarian.test_markdown_splitter" name="test_get_last_table_header_4" time="9.255" /><testcase classname="tests.librarian.test_markdown_splitter" name="test_get_last_table_header_5" time="9.147" /><testcase classname="tests.librarian.test_markdown_splitter" name="test_get_last_table_header_6" time="9.310" /><testcase classname="tests.librarian.test_markdown_splitter" name="test_get_last_table_header_7" time="9.224" /><testcase classname="tests.librarian.test_markdown_splitter" name="test_repeat_table_header_1" time="9.157" /><testcase classname="tests.librarian.test_markdown_splitter" name="test_repeat_table_header_2" time="9.624" /><testcase classname="tests.librarian.test_markdown_splitter" name="test_repeat_table_header_3" time="9.398" /><testcase classname="tests.librarian.test_markdown_splitter" name="test_repeat_table_header_4" time="9.260" /><testcase classname="tests.librarian.test_markdown_splitter" name="test_repeat_table_header_5" time="9.291" /><testcase classname="tests.librarian.test_markdown_splitter" name="test_repeat_headings" time="9.185" /><testcase classname="tests.librarian.test_markdown_splitter" name="test_markdown_splitter_no_page_numbers" time="12.636" /><testcase classname="tests.otto.test_auth_integration.TestUserAuthentication" name="test_user_creation_with_upn" time="20.303" /><testcase classname="tests.otto.test_auth_integration.TestUserAuthentication" name="test_user_authentication_with_upn" time="15.882" /><testcase classname="tests.otto.test_auth_integration.TestUserAuthentication" name="test_user_personal_library_creation" time="14.961" /><testcase classname="tests.otto.test_auth_integration.TestUserAuthentication" name="test_superuser_creation" time="15.420" /><testcase classname="tests.otto.test_auth_integration.TestTermsAcceptance" name="test_user_without_accepted_terms" time="15.363" /><testcase classname="tests.otto.test_auth_integration.TestTermsAcceptance" name="test_user_with_accepted_terms" time="14.997" /><testcase classname="tests.otto.test_auth_integration.TestTermsAcceptance" name="test_terms_permission_gates_access" time="20.669" /><testcase classname="tests.otto.test_auth_integration.TestGroupBasedAuthorization" name="test_otto_admin_group_membership" time="15.205"><failure message="assert False&#10; +  where False = is_admin(&lt;User: ,  (basic_user@example.com)&gt;)">self = &lt;test_auth_integration.TestGroupBasedAuthorization object at 0x0000021C10F60190&gt;
basic_user = &lt;function basic_user.&lt;locals&gt;.new_user at 0x0000021C38CCE8E0&gt;

    def test_otto_admin_group_membership(self, basic_user):
        """Test Otto admin group membership check"""
        user = basic_user()
        admin_group = Group.objects.get(name="Otto admin")
    
        # User not admin initially
        assert not user.is_admin
        assert not is_admin(user)
    
        # Add to admin group
        user.groups.add(admin_group)
        user.refresh_from_db()
    
        assert user.is_admin
&gt;       assert is_admin(user)
E       assert False
E        +  where False = is_admin(&lt;User: ,  (basic_user@example.com)&gt;)

django\tests\otto\test_auth_integration.py:151: AssertionError</failure></testcase><testcase classname="tests.otto.test_auth_integration.TestGroupBasedAuthorization" name="test_operations_admin_group" time="15.292" /><testcase classname="tests.otto.test_auth_integration.TestGroupBasedAuthorization" name="test_data_steward_permissions" time="17.140"><failure message="AssertionError: assert False&#10; +  where False = has_perm('librarian.manage_public_libraries')&#10; +    where has_perm = &lt;User: ,  (basic_user@example.com)&gt;.has_perm">self = &lt;test_auth_integration.TestGroupBasedAuthorization object at 0x0000021C10CB9F30&gt;
basic_user = &lt;function basic_user.&lt;locals&gt;.new_user at 0x0000021C38BD2980&gt;

    def test_data_steward_permissions(self, basic_user):
        """Test Data steward group permissions"""
        user = basic_user()
        steward_group, _ = Group.objects.get_or_create(name="Data steward")
    
        # Initially cannot manage public libraries
        assert not user.has_perm("librarian.manage_public_libraries")
    
        # Add to data steward group
        user.groups.add(steward_group)
        user.refresh_from_db()
    
&gt;       assert user.has_perm("librarian.manage_public_libraries")
E       AssertionError: assert False
E        +  where False = has_perm('librarian.manage_public_libraries')
E        +    where has_perm = &lt;User: ,  (basic_user@example.com)&gt;.has_perm

django\tests\otto\test_auth_integration.py:179: AssertionError</failure></testcase><testcase classname="tests.otto.test_auth_integration.TestGroupBasedAuthorization" name="test_make_otto_admin_method" time="14.949" /><testcase classname="tests.otto.test_auth_integration.TestAppAccessAuthorization" name="test_view_app_public" time="15.054" /><testcase classname="tests.otto.test_auth_integration.TestAppAccessAuthorization" name="test_view_app_restricted_no_group" time="14.846" /><testcase classname="tests.otto.test_auth_integration.TestAppAccessAuthorization" name="test_view_app_restricted_with_group" time="14.954" /><testcase classname="tests.otto.test_auth_integration.TestAppAccessAuthorization" name="test_admin_can_view_all_apps" time="15.257" /><testcase classname="tests.otto.test_auth_integration.TestChatAccessAuthorization" name="test_user_can_access_own_chat" time="14.829" /><testcase classname="tests.otto.test_auth_integration.TestChatAccessAuthorization" name="test_user_cannot_access_other_chat" time="21.293" /><testcase classname="tests.otto.test_auth_integration.TestChatAccessAuthorization" name="test_preset_sharing_everyone" time="20.448"><failure message="TypeError: Preset() got unexpected keyword arguments: 'name'">self = &lt;test_auth_integration.TestChatAccessAuthorization object at 0x0000021C10CBA520&gt;
basic_user = &lt;function basic_user.&lt;locals&gt;.new_user at 0x0000021C38D16AC0&gt;

    def test_preset_sharing_everyone(self, basic_user):
        """Test preset shared with everyone"""
        owner = basic_user(username="owner", accept_terms=True)
        other_user = basic_user(username="other", accept_terms=True)
    
        options = ChatOptions.objects.create()
&gt;       preset = Preset.objects.create(
            owner=owner,
            name="Public Preset",
            options=options,
            sharing_option="everyone"
        )

django\tests\otto\test_auth_integration.py:286: 
_ _ _ _ _ _ _ _ _ _ _ _ _ _ _ _ _ _ _ _ _ _ _ _ _ _ _ _ _ _ _ _ _ _ _ _ _ _ _ _ _ _ _ _ _ _ _ _ _ _ _ _ _ _ _ _ _ _ _ _ _ 
C:\Users\barre\AppData\Local\Programs\Python\Python313\Lib\site-packages\django\db\models\manager.py:87: in manager_method
    return getattr(self.get_queryset(), name)(*args, **kwargs)
           ^^^^^^^^^^^^^^^^^^^^^^^^^^^^^^^^^^^^^^^^^^^^^^^^^^^
C:\Users\barre\AppData\Local\Programs\Python\Python313\Lib\site-packages\django\db\models\query.py:661: in create
    obj = self.model(**kwargs)
          ^^^^^^^^^^^^^^^^^^^^
_ _ _ _ _ _ _ _ _ _ _ _ _ _ _ _ _ _ _ _ _ _ _ _ _ _ _ _ _ _ _ _ _ _ _ _ _ _ _ _ _ _ _ _ _ _ _ _ _ _ _ _ _ _ _ _ _ _ _ _ _ 

self = &lt;Preset: Preset None: &gt;, args = (), kwargs = {'name': 'Public Preset'}, cls = &lt;class 'chat.models.Preset'&gt;
opts = &lt;Options for Preset&gt;, _setattr = &lt;built-in function setattr&gt;, _DEFERRED = &lt;Deferred field&gt;
fields_iter = &lt;tuple_iterator object at 0x0000021C38C5B6D0&gt;, val = False
field = &lt;django.db.models.fields.BooleanField: french_default&gt;, is_related_object = False
rel_obj = &lt;User: ,  (owner@example.com)&gt;
property_names = frozenset({'description_auto', 'global_default', 'name_auto', 'pk', 'shared_with'})

    def __init__(self, *args, **kwargs):
        # Alias some things as locals to avoid repeat global lookups
        cls = self.__class__
        opts = self._meta
        _setattr = setattr
        _DEFERRED = DEFERRED
        if opts.abstract:
            raise TypeError("Abstract models cannot be instantiated.")
    
[...]

    @pytest.mark.django_db
    def test_process_ocr_document_pdf(mock_pdf_file3, all_apps_user):
        file_name, file_content = mock_pdf_file3
    
        # Create an OutputFile to save results to
        from otto.secure_models import AccessKey
        from text_extractor.models import OutputFile, UserRequest
    
        user = all_apps_user()
        access_key = AccessKey(user=user)
        UserRequest.grant_create_to(access_key)
        OutputFile.grant_create_to(access_key)
    
        user_request = UserRequest.objects.create(access_key=access_key, name="test")
        output_file = OutputFile.objects.create(
            access_key=access_key, user_request=user_request, file_name="test_pdf"
        )
    
        current_task_mock = mock.MagicMock()
        current_task_mock.update_state = mock.MagicMock()
    
        mock_create_searchable_pdf = mock.MagicMock(return_value={
            "error": False,
            "pdf_content": [b"mock pdf content"],
            "all_text": "RIF drawing",
            "cost": Decimal("0.01")
        })
    
        with (
            mock.patch("text_extractor.tasks.current_task", current_task_mock),
            mock.patch("text_extractor.tasks.create_searchable_pdf", mock_create_searchable_pdf),
        ):
            result = process_ocr_document(
                file_content, file_name, str(output_file.id), str(user.id)
            )
    
            current_task_mock.update_state.assert_called_once_with(state="PROCESSING")
    
            assert type(result["cost"]) == Decimal
            assert result["cost"] &gt;= 0
            assert result["input_name"] == "temp_file1"
            assert result["error"] is False
    
            # Check that files were saved to the database
            output_file.refresh_from_db()
            assert output_file.pdf_file is not None
            assert output_file.txt_file is not None
            assert output_file.celery_task_ids == []
    
            # Check file contents
            with output_file.txt_file.open("r") as f:
&gt;               assert f.read() == "Page 1\nPage 2\nPage 3"
E               AssertionError: assert 'RIF drawing' == 'Page 1\nPage 2\nPage 3'
E                 
E                 #x1B[0m#x1B[92m+ RIF drawing#x1B[39;49;00m#x1B[90m#x1B[39;49;00m
E                 #x1B[91m- Page 1#x1B[39;49;00m#x1B[90m#x1B[39;49;00m
E                 #x1B[91m- Page 2#x1B[39;49;00m#x1B[90m#x1B[39;49;00m
E                 #x1B[91m- Page 3#x1B[39;49;00m#x1B[90m#x1B[39;49;00m

django\tests\text_extractor\test_tasks.py:119: AssertionError</failure></testcase><testcase classname="tests.text_extractor.test_utils" name="test_format_merged_file_name" time="9.665" /><testcase classname="tests.text_extractor.test_utils" name="test_resize_image_to_a4" time="8.825" /><testcase classname="tests.text_extractor.test_utils" name="test_dist" time="8.695" /><testcase classname="tests.text_extractor.test_utils" name="test_get_page_count_pdf" time="8.940" /><testcase classname="tests.text_extractor.test_utils" name="test_get_page_count_image" time="9.083" /><testcase classname="tests.text_extractor.test_utils" name="test_get_page_count_unsupported" time="8.791" /><testcase classname="tests.text_extractor.test_utils" name="test_calculate_start_pages_empty" time="9.082" /><testcase classname="tests.text_extractor.test_utils" name="test_calculate_start_pages_single_file" time="9.120" /><testcase classname="tests.text_extractor.test_utils" name="test_calculate_start_pages_multiple_files" time="8.839" /><testcase classname="tests.text_extractor.test_views" name="test_index_view" time="14.404" /><testcase classname="tests.text_extractor.test_views" name="test_submit_document_view[False-files0]" time="14.692" /><testcase classname="tests.text_extractor.test_views" name="test_submit_document_view[True-files1]" time="14.399" /><testcase classname="tests.text_extractor.test_views" name="test_submit_document_view[False-files2]" time="15.811" /><testcase classname="tests.text_extractor.test_views" name="test_submit_document_view[True-files3]" time="14.845" /><testcase classname="tests.text_extractor.test_views" name="test_download_document" time="15.007" /><testcase classname="tests.chat.test_chat_translate" name="test_translate_text_with_gemini" time="28.684" /><testcase classname="tests.otto.test_cleanup" name="test_delete_text_extractor_files_task" time="14.574" /><testcase classname="tests.test_performance.TestConcurrentOperations" name="test_concurrent_chat_creation" time="27.313" /><testcase classname="tests.test_performance.TestConcurrentOperations" name="test_concurrent_document_updates" time="20.196"><failure message="AttributeError: property 'title' of 'Document' object has no setter">self = &lt;tests.test_performance.TestConcurrentOperations object at 0x0000021C10FA9310&gt;
basic_user = &lt;function basic_user.&lt;locals&gt;.new_user at 0x0000021C3AF6DE40&gt;

    def test_concurrent_document_updates(self, basic_user):
        """Test concurrent updates to same document (race condition)"""
        user = basic_user()
        access_key = AccessKey(user=user)
    
        library = Library.objects.create(name="Race Condition Test")
    
        datasource = DataSource.objects.create(library=library,
            name="Race Condition Source")
    
&gt;       document = Document.objects.create(data_source=datasource,
            title="Concurrent Update Test")

django\tests\test_performance.py:385: 
_ _ _ _ _ _ _ _ _ _ _ _ _ _ _ _ _ _ _ _ _ _ _ _ _ _ _ _ _ _ _ _ _ _ _ _ _ _ _ _ _ _ _ _ _ _ _ _ _ _ _ _ _ _ _ _ _ _ _ _ _ 
C:\Users\barre\AppData\Local\Programs\Python\Python313\Lib\site-packages\django\db\models\manager.py:87: in manager_method
    return getattr(self.get_queryset(), name)(*args, **kwargs)
           ^^^^^^^^^^^^^^^^^^^^^^^^^^^^^^^^^^^^^^^^^^^^^^^^^^^
C:\Users\barre\AppData\Local\Programs\Python\Python313\Lib\site-packages\django\db\models\query.py:661: in create
    obj = self.model(**kwargs)
          ^^^^^^^^^^^^^^^^^^^^
_ _ _ _ _ _ _ _ _ _ _ _ _ _ _ _ _ _ _ _ _ _ _ _ _ _ _ _ _ _ _ _ _ _ _ _ _ _ _ _ _ _ _ _ _ _ _ _ _ _ _ _ _ _ _ _ _ _ _ _ _ 

self = &lt;Document: Untitled document&gt;, args = (), kwargs = {'title': 'Concurrent Update Test'}
cls = &lt;class 'librarian.models.Document'&gt;, opts = &lt;Options for Document&gt;, _setattr = &lt;built-in function setattr&gt;
_DEFERRED = &lt;Deferred field&gt;, fields_iter = &lt;tuple_iterator object at 0x0000021C3A5106D0&gt;, val = None
field = &lt;django.db.models.fields.CharField: pdf_extraction_method&gt;, is_related_object = False
rel_obj = &lt;DataSource: Race Condition Source&gt;
property_names = frozenset({'celery_status_message', 'content_type', 'display_cost', 'file_size', 'href', 'href_button', ...})

    def __init__(self, *args, **kwargs):
        # Alias some things as locals to avoid repeat global lookups
        cls = self.__class__
        opts = self._meta
        _setattr = setattr
        _DEFERRED = DEFERRED
        if opts.abstract:
            raise TypeError("Abstract models cannot be instantiated.")
    
        pre_init.send(sender=cls, args=args, kwargs=kwargs)
    
        # Set up the storage for instance state
        self._state = ModelState()
    
        # There is a rather weird disparity here; if kwargs, it's set, then args
        # overrides it. It should be one or the other; don't duplicate the work
        # The reason for the kwargs check is that standard iterator passes in by
        # args, and instantiation for iteration is 33% faster.
        if len(args) &gt; len(opts.concrete_fields):
            # Daft, but matches old exception sans the err msg.
            raise IndexError("Number of args exceeds number of fields")
    
        if not kwargs:
            fields_iter = iter(opts.concrete_fields)
            # The ordering of the zip calls matter - zip throws StopIteration
            # when an iter throws it. So if the first iter throws it, the second
            # is *not* consumed. We rely on this, so don't change the order
            # without changing the logic.
            for val, field in zip(args, fields_iter):
                if val is _DEFERRED:
                    continue
                _setattr(self, field.attname, val)
        else:
            # Slower, kwargs-ready version.
            fields_iter = iter(opts.fields)
            for val, field in zip(args, fields_iter):
                if val is _DEFERRED:
                    continue
                _setattr(self, field.attname, val)
                if kwargs.pop(field.name, NOT_PROVIDED) is not NOT_PROVIDED:
                    raise TypeError(
                        f"{cls.__qualname__}() got both positional and "
                        f"keyword arguments for field '{field.name}'."
                    )
    
        # Now we're left with the unprocessed fields that *must* come from
        # keywords, or default.
    
        for field in fields_iter:
            is_related_object = False
            # Virtual field
            if field.column is None or field.generated:
                continue
            if kwargs:
                if isinstance(field.remote_field, ForeignObjectRel):
                    try:
                        # Assume object instance was passed in.
                        rel_obj = kwargs.pop(field.name)
                        is_related_object = True
                    except KeyError:
                        try:
                            # Object instance wasn't passed in -- must be an ID.
                            val = kwargs.pop(field.attname)
                        except KeyError:
                            val = field.get_default()
                else:
                    try:
                        val = kwargs.pop(field.attname)
                    except KeyError:
                        # This is done with an exception rather than the
                        # default argument on pop because we don't want
                        # get_default() to be evaluated, and then not used.
                        # Refs #12057.
                        val = field.get_default()
            else:
                val = field.get_default()
    
            if is_related_object:
                # If we are passed a related instance, set it using the
                # field.name instead of field.attname (e.g. "user" instead of
                # "user_id") so that the object gets properly cached (and type
                # checked) by the RelatedObjectDescriptor.
                if rel_obj is not _DEFERRED:
                    _setattr(self, field.name, rel_obj)
            else:
                if val is not _DEFERRED:
                    _setattr(self, field.attname, val)
    
        if kwargs:
            property_names = opts._property_names
            unexpected = ()
            for prop, value in kwargs.items():
                # Any remaining kwargs must correspond to properties or virtual
                # fields.
                if prop in property_names:
                    if value is not _DEFERRED:
&gt;                       _setattr(self, prop, value)
E                       AttributeError: property 'title' of 'Document' object has no setter

C:\Users\barre\AppData\Local\Programs\Python\Python313\Lib\site-packages\django\db\models\base.py:558: AttributeError</failure></testcase><testcase classname="tests.test_performance.TestConcurrentOperations" name="test_concurrent_permission_grants" time="47.799"><failure message="NameError: name 'LibraryUserRole' is not defined">self = &lt;tests.test_performance.TestConcurrentOperations object at 0x0000021C10E9FBB0&gt;
basic_user = &lt;function basic_user.&lt;locals&gt;.new_user at 0x0000021C3AF46480&gt;

    def test_concurrent_permission_grants(self, basic_user):
        """Test concurrent permission grants to same resource"""
        owner = basic_user(username="owner")
        users = [basic_user(username=f"user{i}") for i in range(5)]
    
        access_key = AccessKey(user=owner)
        library = Library.objects.create(name="Permission Test")
    
        def grant_permission(lib_id, user):
            """Grant view permission to user"""
            access_key = AccessKey(user=owner)
            lib = Library.objects.get(id=lib_id)
            LibraryUserRole.objects.create(library=lib, user=user, role="viewer")
            return True
    
        with PerformanceBenchmark("Concurrent permission grants") as bench:
            with ThreadPoolExecutor(max_workers=5) as executor:
                futures = [
                    executor.submit(grant_permission, library.id, user)
                    for user in users
                ]
&gt;               results = [f.result() for f in as_completed(futures)]
                           ^^^^^^^^^^

django\tests\test_performance.py:429: 
_ _ _ _ _ _ _ _ _ _ _ _ _ _ _ _ _ _ _ _ _ _ _ _ _ _ _ _ _ _ _ _ _ _ _ _ _ _ _ _ _ _ _ _ _ _ _ _ _ _ _ _ _ _ _ _ _ _ _ _ _ 
C:\Users\barre\AppData\Local\Programs\Python\Python313\Lib\concurrent\futures\_base.py:449: in result
    return self.__get_result()
           ^^^^^^^^^^^^^^^^^^^
C:\Users\barre\AppData\Local\Programs\Python\Python313\Lib\concurrent\futures\_base.py:401: in __get_result
    raise self._exception
C:\Users\barre\AppData\Local\Programs\Python\Python313\Lib\concurrent\futures\thread.py:59: in run
    result = self.fn(*self.args, **self.kwargs)
             ^^^^^^^^^^^^^^^^^^^^^^^^^^^^^^^^^^
_ _ _ _ _ _ _ _ _ _ _ _ _ _ _ _ _ _ _ _ _ _ _ _ _ _ _ _ _ _ _ _ _ _ _ _ _ _ _ _ _ _ _ _ _ _ _ _ _ _ _ _ _ _ _ _ _ _ _ _ _ 

lib_id = 1128, user = &lt;User: ,  (user0@example.com)&gt;

    def grant_permission(lib_id, user):
        """Grant view permission to user"""
        access_key = AccessKey(user=owner)
        lib = Library.objects.get(id=lib_id)
&gt;       LibraryUserRole.objects.create(library=lib, user=user, role="viewer")
        ^^^^^^^^^^^^^^^
E       NameError: name 'LibraryUserRole' is not defined

django\tests\test_performance.py:420: NameError</failure></testcase><testcase classname="tests.test_performance.TestStressScenarios" name="test_database_connection_pooling" time="14.758" /><testcase classname="tests.test_performance.TestCostTrackingPerformance" name="test_concurrent_cost_creation" time="14.885"><failure message="otto.models.CostType.MultipleObjectsReturned: get() returned more than one CostType -- it returned 4!">self = &lt;tests.test_performance.TestCostTrackingPerformance object at 0x0000021C10FA9A90&gt;
basic_user = &lt;function basic_user.&lt;locals&gt;.new_user at 0x0000021C3A51C220&gt;

    @pytest.mark.django_db(transaction=True)
    def test_concurrent_cost_creation(self, basic_user):
        """Test concurrent cost record creation"""
        user = basic_user()
    
        def create_cost_record(user_id, index):
            """Create a cost record"""
            from django.contrib.auth import get_user_model
            User = get_user_model()
            user = User.objects.get(id=user_id)
    
            Cost.objects.create(
                user=user,
                cost_type=CostType.objects.get_or_create(name="LLM", defaults={"unit_name": "tokens", "unit_cost": 0.00001, "unit_quantity": 1000})[0],
                count=1500,
                usd_cost=0.015
            )
            return True
    
        with PerformanceBenchmark("Concurrent cost creation") as bench:
            with ThreadPoolExecutor(max_workers=10) as executor:
                futures = [
                    executor.submit(create_cost_record, user.id, i)
                    for i in range(50)
                ]
&gt;               results = [f.result() for f in as_completed(futures)]
                           ^^^^^^^^^^

django\tests\test_performance.py:609: 
_ _ _ _ _ _ _ _ _ _ _ _ _ _ _ _ _ _ _ _ _ _ _ _ _ _ _ _ _ _ _ _ _ _ _ _ _ _ _ _ _ _ _ _ _ _ _ _ _ _ _ _ _ _ _ _ _ _ _ _ _ 
C:\Users\barre\AppData\Local\Programs\Python\Python313\Lib\concurrent\futures\_base.py:449: in result
    return self.__get_result()
           ^^^^^^^^^^^^^^^^^^^
C:\Users\barre\AppData\Local\Programs\Python\Python313\Lib\concurrent\futures\_base.py:401: in __get_result
    raise self._exception
C:\Users\barre\AppData\Local\Programs\Python\Python313\Lib\concurrent\futures\thread.py:59: in run
    result = self.fn(*self.args, **self.kwargs)
             ^^^^^^^^^^^^^^^^^^^^^^^^^^^^^^^^^^
django\tests\test_performance.py:597: in create_cost_record
    cost_type=CostType.objects.get_or_create(name="LLM", defaults={"unit_name": "tokens", "unit_cost": 0.00001, "unit_quantity": 1000})[0],
              ^^^^^^^^^^^^^^^^^^^^^^^^^^^^^^^^^^^^^^^^^^^^^^^^^^^^^^^^^^^^^^^^^^^^^^^^^^^^^^^^^^^^^^^^^^^^^^^^^^^^^^^^^^^^^^^^^^^^^^^^^
C:\Users\barre\AppData\Local\Programs\Python\Python313\Lib\site-packages\django\db\models\manager.py:87: in manager_method
    return getattr(self.get_queryset(), name)(*args, **kwargs)
           ^^^^^^^^^^^^^^^^^^^^^^^^^^^^^^^^^^^^^^^^^^^^^^^^^^^
C:\Users\barre\AppData\Local\Programs\Python\Python313\Lib\site-packages\modeltranslation\manager.py:420: in get_or_create
    return super().get_or_create(*args, **kwargs)
           ^^^^^^^^^^^^^^^^^^^^^^^^^^^^^^^^^^^^^^
C:\Users\barre\AppData\Local\Programs\Python\Python313\Lib\site-packages\django\db\models\query.py:946: in get_or_create
    return self.get(**kwargs), False
           ^^^^^^^^^^^^^^^^^^
_ _ _ _ _ _ _ _ _ _ _ _ _ _ _ _ _ _ _ _ _ _ _ _ _ _ _ _ _ _ _ _ _ _ _ _ _ _ _ _ _ _ _ _ _ _ _ _ _ _ _ _ _ _ _ _ _ _ _ _ _ 

self = &lt;MultilingualQuerySet [&lt;CostType: GPT-4o Global (input)&gt;, &lt;CostType: GPT-4o Global (output)&gt;, &lt;CostType: OpenAI Embedd...ut)&gt;, &lt;CostType: o4-mini Global (input)&gt;, &lt;CostType: o4-mini Global (output)&gt;, '...(remaining elements truncated)...']&gt;
args = (), kwargs = {'name': 'LLM'}
clone = &lt;MultilingualQuerySet [&lt;CostType: LLM&gt;, &lt;CostType: LLM&gt;, &lt;CostType: LLM&gt;, &lt;CostType: LLM&gt;]&gt;, limit = 21, num = 4

    def get(self, *args, **kwargs):
        """
        Perform the query and return a single object matching the given
        keyword arguments.
        """
        if self.query.combinator and (args or kwargs):
            raise NotSupportedError(
                "Calling QuerySet.get(...) with filters after %s() is not "
                "supported." % self.query.combinator
            )
        clone = self._chain() if self.query.combinator else self.filter(*args, **kwargs)
        if self.query.can_filter() and not self.query.distinct_fields:
            clone = clone.order_by()
        limit = None
        if (
            not clone.query.select_for_update
            or connections[clone.db].features.supports_select_for_update_with_limit
        ):
            limit = MAX_GET_RESULTS
            clone.query.set_limits(high=limit)
        num = len(clone)
        if num == 1:
            return clone._result_cache[0]
        if not num:
            raise self.model.DoesNotExist(
                "%s matching query does not exist." % self.model._meta.object_name
            )
&gt;       raise self.model.MultipleObjectsReturned(
            "get() returned more than one %s -- it returned %s!"
            % (
                self.model._meta.object_name,
                num if not limit or num &lt; limit else "more than %s" % (limit - 1),
            )
        )
E       otto.models.CostType.MultipleObjectsReturned: get() returned more than one CostType -- it returned 4!

C:\Users\barre\AppData\Local\Programs\Python\Python313\Lib\site-packages\django\db\models\query.py:636: MultipleObjectsReturned</failure></testcase><testcase classname="tests.text_extractor.test_views" name="test_poll_tasks_view" time="14.857" /><testcase classname="tests.text_extractor.test_views" name="test_download_all_zip" time="14.964" /><testcase classname="laws.test_retriever_performance" name="test_retriever_performance" time="1.790" /></testsuite></testsuites>